[debug] [2021-04-12T09:11:16.444Z] ----------------------------------------------------------------------
[debug] [2021-04-12T09:11:16.447Z] Command:       C:\Program Files\nodejs\node.exe C:\Program Files\nodejs\node_modules\firebase-tools\lib\bin\firebase.js emulators:start
[debug] [2021-04-12T09:11:16.448Z] CLI Version:   9.9.0
[debug] [2021-04-12T09:11:16.448Z] Platform:      win32
[debug] [2021-04-12T09:11:16.448Z] Node Version:  v12.0.0
[debug] [2021-04-12T09:11:16.450Z] Time:          Mon Apr 12 2021 14:11:16 GMT+0500 (Pakistan Standard Time)
[debug] [2021-04-12T09:11:16.450Z] ----------------------------------------------------------------------
[debug] 
[debug] [2021-04-12T09:11:16.466Z] > command requires scopes: ["email","openid","https://www.googleapis.com/auth/cloudplatformprojects.readonly","https://www.googleapis.com/auth/firebase","https://www.googleapis.com/auth/cloud-platform"]
[debug] [2021-04-12T09:11:16.466Z] > authorizing via signed-in user (mutahhir199@gmail.com)
[info] i  emulators: Starting emulators: auth, functions, firestore {"metadata":{"emulator":{"name":"hub"},"message":"Starting emulators: auth, functions, firestore"}}
[debug] [2021-04-12T09:11:18.559Z] [hub] writing locator at C:\Users\Mutahhir\AppData\Local\Temp\hub-mutahhirbuyfy.json
[warn] !  functions: The following emulators are not running, calls to these services from the Functions emulator will affect production: database, hosting, pubsub {"metadata":{"emulator":{"name":"functions"},"message":"The following emulators are not running, calls to these services from the Functions emulator will affect production: \u001b[1mdatabase, hosting, pubsub\u001b[22m"}}
[info] +  functions: Using node@12 from host. {"metadata":{"emulator":{"name":"functions"},"message":"Using node@12 from host."}}
[debug] [2021-04-12T09:11:20.622Z] defaultcredentials: writing to file C:\Users\Mutahhir\AppData\Roaming\firebase\mutahhir199_gmail_com_application_default_credentials.json
[debug] [2021-04-12T09:11:20.627Z] Setting GAC to C:\Users\Mutahhir\AppData\Roaming\firebase\mutahhir199_gmail_com_application_default_credentials.json {"metadata":{"emulator":{"name":"functions"},"message":"Setting GAC to C:\\Users\\Mutahhir\\AppData\\Roaming\\firebase\\mutahhir199_gmail_com_application_default_credentials.json"}}
[debug] [2021-04-12T09:11:20.633Z] >>> [apiv2][query] GET https://firebase.googleapis.com/v1beta1/projects/mutahhirbuyfy/adminSdkConfig [none]
[debug] [2021-04-12T09:11:21.206Z] <<< [apiv2][status] GET https://firebase.googleapis.com/v1beta1/projects/mutahhirbuyfy/adminSdkConfig 200
[debug] [2021-04-12T09:11:21.206Z] <<< [apiv2][body] GET https://firebase.googleapis.com/v1beta1/projects/mutahhirbuyfy/adminSdkConfig {"projectId":"mutahhirbuyfy","storageBucket":"mutahhirbuyfy.appspot.com","locationId":"us-central"}
[warn] !  firestore: Did not find a Cloud Firestore rules file specified in a firebase.json config file. {"metadata":{"emulator":{"name":"firestore"},"message":"Did not find a Cloud Firestore rules file specified in a firebase.json config file."}}
[warn] !  firestore: The emulator will default to allowing all reads and writes. Learn more about this option: https://firebase.google.com/docs/emulator-suite/install_and_configure#security_rules_configuration. {"metadata":{"emulator":{"name":"firestore"},"message":"The emulator will default to allowing all reads and writes. Learn more about this option: https://firebase.google.com/docs/emulator-suite/install_and_configure#security_rules_configuration."}}
[debug] [2021-04-12T09:11:23.277Z] Ignoring unsupported arg: projectId {"metadata":{"emulator":{"name":"firestore"},"message":"Ignoring unsupported arg: projectId"}}
[debug] [2021-04-12T09:11:23.278Z] Ignoring unsupported arg: auto_download {"metadata":{"emulator":{"name":"firestore"},"message":"Ignoring unsupported arg: auto_download"}}
[debug] [2021-04-12T09:11:23.279Z] Starting Firestore Emulator with command {"binary":"java","args":["-Dgoogle.cloud_firestore.debug_log_level=FINE","-Duser.language=en","-jar","C:\\Users\\Mutahhir\\.cache\\firebase\\emulators\\cloud-firestore-emulator-v1.11.14.jar","--host","localhost","--port",8080,"--functions_emulator","localhost:5001"],"optionalArgs":["port","webchannel_port","host","rules","functions_emulator","seed_from_export"],"joinArgs":false} {"metadata":{"emulator":{"name":"firestore"},"message":"Starting Firestore Emulator with command {\"binary\":\"java\",\"args\":[\"-Dgoogle.cloud_firestore.debug_log_level=FINE\",\"-Duser.language=en\",\"-jar\",\"C:\\\\Users\\\\Mutahhir\\\\.cache\\\\firebase\\\\emulators\\\\cloud-firestore-emulator-v1.11.14.jar\",\"--host\",\"localhost\",\"--port\",8080,\"--functions_emulator\",\"localhost:5001\"],\"optionalArgs\":[\"port\",\"webchannel_port\",\"host\",\"rules\",\"functions_emulator\",\"seed_from_export\"],\"joinArgs\":false}"}}
[info] i  firestore: Firestore Emulator logging to firestore-debug.log {"metadata":{"emulator":{"name":"firestore"},"message":"Firestore Emulator logging to \u001b[1mfirestore-debug.log\u001b[22m"}}
[debug] [2021-04-12T09:11:25.553Z] Apr 12, 2021 2:11:25 PM com.google.cloud.datastore.emulator.firestore.websocket.WebSocketServer start
INFO: Started WebSocket server on ws://localhost:61964
 {"metadata":{"emulator":{"name":"firestore"},"message":"Apr 12, 2021 2:11:25 PM com.google.cloud.datastore.emulator.firestore.websocket.WebSocketServer start\r\nINFO: Started WebSocket server on ws://localhost:61964\r\n"}}
[debug] [2021-04-12T09:11:25.629Z] API endpoint: http://localhost {"metadata":{"emulator":{"name":"firestore"},"message":"API endpoint: http://localhost"}}
[debug] [2021-04-12T09:11:25.630Z] :8080
If you are using a library that supports the FIRESTORE_EMULATOR_HOST environment variable, run:

   export FIRESTORE_EMULATOR_HOST=localhost: {"metadata":{"emulator":{"name":"firestore"},"message":":8080\nIf you are using a library that supports the FIRESTORE_EMULATOR_HOST environment variable, run:\r\n\n   export FIRESTORE_EMULATOR_HOST=localhost:"}}
[debug] [2021-04-12T09:11:25.630Z] 8080

Dev App Server is now running.

 {"metadata":{"emulator":{"name":"firestore"},"message":"8080\n\nDev App Server is now running.\n\r\n"}}
[debug] [2021-04-12T09:11:25.690Z] Apr 12, 2021 2:11:25 PM io.gapi.emulators.netty.HttpVersionRoutingHandler channelRead
INFO: Detected non-HTTP/2 connection.
 {"metadata":{"emulator":{"name":"firestore"},"message":"Apr 12, 2021 2:11:25 PM io.gapi.emulators.netty.HttpVersionRoutingHandler channelRead\r\nINFO: Detected non-HTTP/2 connection.\r\n"}}
[debug] [2021-04-12T09:11:36.367Z] Ignoring unsupported arg: auto_download {"metadata":{"emulator":{"name":"ui"},"message":"Ignoring unsupported arg: auto_download"}}
[debug] [2021-04-12T09:11:36.368Z] Ignoring unsupported arg: port {"metadata":{"emulator":{"name":"ui"},"message":"Ignoring unsupported arg: port"}}
[debug] [2021-04-12T09:11:36.368Z] Starting Emulator UI with command {"binary":"node","args":["C:\\Users\\Mutahhir\\.cache\\firebase\\emulators\\ui-v1.4.2\\server.bundle.js"],"optionalArgs":[],"joinArgs":false} {"metadata":{"emulator":{"name":"ui"},"message":"Starting Emulator UI with command {\"binary\":\"node\",\"args\":[\"C:\\\\Users\\\\Mutahhir\\\\.cache\\\\firebase\\\\emulators\\\\ui-v1.4.2\\\\server.bundle.js\"],\"optionalArgs\":[],\"joinArgs\":false}"}}
[info] i  ui: Emulator UI logging to ui-debug.log {"metadata":{"emulator":{"name":"ui"},"message":"Emulator UI logging to \u001b[1mui-debug.log\u001b[22m"}}
[debug] [2021-04-12T09:11:36.539Z] Web / API server started at http://localhost:4000
 {"metadata":{"emulator":{"name":"ui"},"message":"Web / API server started at http://localhost:4000\n"}}
[info] i  functions: Watching "E:\MUTAHHIR UNI\W E B I C A M P\MODULE 3\react project\Buyfy\code\functions" for Cloud Functions... {"metadata":{"emulator":{"name":"functions"},"message":"Watching \"E:\\MUTAHHIR UNI\\W E B I C A M P\\MODULE 3\\react project\\Buyfy\\code\\functions\" for Cloud Functions..."}}
[debug] [2021-04-12T09:11:36.930Z] [worker-pool] addWorker(~diagnostic~) {"metadata":{"emulator":{"name":"functions"},"message":"[worker-pool] addWorker(~diagnostic~)"}}
[debug] [2021-04-12T09:11:36.930Z] [worker-pool] Adding worker with key ~diagnostic~, total=1 {"metadata":{"emulator":{"name":"functions"},"message":"[worker-pool] Adding worker with key ~diagnostic~, total=1"}}
[debug] [2021-04-12T09:11:36.931Z] [worker-pool] submitWork(triggerId=) {"metadata":{"emulator":{"name":"functions"},"message":"[worker-pool] submitWork(triggerId=)"}}
[debug] [2021-04-12T09:11:36.931Z] [worker-~diagnostic~-8d0c7249-32a5-47d4-96a9-a5775f4f451c]: Assigning socketPath: \\?\pipe\E:\MUTAHHIR UNI\W E B I C A M P\MODULE 3\react project\Buyfy\code\functions\8540 {"metadata":{"emulator":{"name":"functions"},"message":"[worker-~diagnostic~-8d0c7249-32a5-47d4-96a9-a5775f4f451c]: Assigning socketPath: \\\\?\\pipe\\E:\\MUTAHHIR UNI\\W E B I C A M P\\MODULE 3\\react project\\Buyfy\\code\\functions\\8540"}}
[debug] [2021-04-12T09:11:36.932Z] [worker-~diagnostic~-8d0c7249-32a5-47d4-96a9-a5775f4f451c]: BUSY {"metadata":{"emulator":{"name":"functions"},"message":"[worker-~diagnostic~-8d0c7249-32a5-47d4-96a9-a5775f4f451c]: BUSY"}}
[debug] [2021-04-12T09:11:37.252Z] [runtime-status] [8540] Functions runtime initialized. {"cwd":"E:\\MUTAHHIR UNI\\W E B I C A M P\\MODULE 3\\react project\\Buyfy\\code\\functions","node_version":"12.0.0"} {"metadata":{"emulator":{"name":"functions"},"message":"[runtime-status] [8540] Functions runtime initialized. {\"cwd\":\"E:\\\\MUTAHHIR UNI\\\\W E B I C A M P\\\\MODULE 3\\\\react project\\\\Buyfy\\\\code\\\\functions\",\"node_version\":\"12.0.0\"}"}}
[debug] [2021-04-12T09:11:37.252Z] [runtime-status] [8540] Disabled runtime features: undefined {"metadata":{"emulator":{"name":"functions"},"message":"[runtime-status] [8540] Disabled runtime features: undefined"}}
[debug] [2021-04-12T09:11:37.256Z] [runtime-status] [8540] Resolved module firebase-admin {"declared":true,"installed":true,"version":"9.6.0","resolution":"E:\\MUTAHHIR UNI\\W E B I C A M P\\MODULE 3\\react project\\Buyfy\\code\\functions\\node_modules\\firebase-admin\\lib\\index.js"} {"metadata":{"emulator":{"name":"functions"},"message":"[runtime-status] [8540] Resolved module firebase-admin {\"declared\":true,\"installed\":true,\"version\":\"9.6.0\",\"resolution\":\"E:\\\\MUTAHHIR UNI\\\\W E B I C A M P\\\\MODULE 3\\\\react project\\\\Buyfy\\\\code\\\\functions\\\\node_modules\\\\firebase-admin\\\\lib\\\\index.js\"}"}}
[debug] [2021-04-12T09:11:37.258Z] [runtime-status] [8540] Resolved module firebase-functions {"declared":true,"installed":true,"version":"3.13.2","resolution":"E:\\MUTAHHIR UNI\\W E B I C A M P\\MODULE 3\\react project\\Buyfy\\code\\functions\\node_modules\\firebase-functions\\lib\\index.js"} {"metadata":{"emulator":{"name":"functions"},"message":"[runtime-status] [8540] Resolved module firebase-functions {\"declared\":true,\"installed\":true,\"version\":\"3.13.2\",\"resolution\":\"E:\\\\MUTAHHIR UNI\\\\W E B I C A M P\\\\MODULE 3\\\\react project\\\\Buyfy\\\\code\\\\functions\\\\node_modules\\\\firebase-functions\\\\lib\\\\index.js\"}"}}
[debug] [2021-04-12T09:11:37.259Z] [runtime-status] [8540] Resolved module firebase-functions {"declared":true,"installed":true,"version":"3.13.2","resolution":"E:\\MUTAHHIR UNI\\W E B I C A M P\\MODULE 3\\react project\\Buyfy\\code\\functions\\node_modules\\firebase-functions\\lib\\index.js"} {"metadata":{"emulator":{"name":"functions"},"message":"[runtime-status] [8540] Resolved module firebase-functions {\"declared\":true,\"installed\":true,\"version\":\"3.13.2\",\"resolution\":\"E:\\\\MUTAHHIR UNI\\\\W E B I C A M P\\\\MODULE 3\\\\react project\\\\Buyfy\\\\code\\\\functions\\\\node_modules\\\\firebase-functions\\\\lib\\\\index.js\"}"}}
[debug] [2021-04-12T09:11:37.261Z] [runtime-status] [8540] Outgoing network have been stubbed. [{"name":"http","status":"mocked"},{"name":"http","status":"mocked"},{"name":"https","status":"mocked"},{"name":"https","status":"mocked"},{"name":"net","status":"mocked"}] {"metadata":{"emulator":{"name":"functions"},"message":"[runtime-status] [8540] Outgoing network have been stubbed. [{\"name\":\"http\",\"status\":\"mocked\"},{\"name\":\"http\",\"status\":\"mocked\"},{\"name\":\"https\",\"status\":\"mocked\"},{\"name\":\"https\",\"status\":\"mocked\"},{\"name\":\"net\",\"status\":\"mocked\"}]"}}
[debug] [2021-04-12T09:11:37.262Z] [runtime-status] [8540] Resolved module firebase-functions {"declared":true,"installed":true,"version":"3.13.2","resolution":"E:\\MUTAHHIR UNI\\W E B I C A M P\\MODULE 3\\react project\\Buyfy\\code\\functions\\node_modules\\firebase-functions\\lib\\index.js"} {"metadata":{"emulator":{"name":"functions"},"message":"[runtime-status] [8540] Resolved module firebase-functions {\"declared\":true,\"installed\":true,\"version\":\"3.13.2\",\"resolution\":\"E:\\\\MUTAHHIR UNI\\\\W E B I C A M P\\\\MODULE 3\\\\react project\\\\Buyfy\\\\code\\\\functions\\\\node_modules\\\\firebase-functions\\\\lib\\\\index.js\"}"}}
[debug] [2021-04-12T09:11:37.317Z] [runtime-status] [8540] Checked functions.config() {"config":{}} {"metadata":{"emulator":{"name":"functions"},"message":"[runtime-status] [8540] Checked functions.config() {\"config\":{}}"}}
[debug] [2021-04-12T09:11:37.317Z] [runtime-status] [8540] firebase-functions has been stubbed. {"functionsResolution":{"declared":true,"installed":true,"version":"3.13.2","resolution":"E:\\MUTAHHIR UNI\\W E B I C A M P\\MODULE 3\\react project\\Buyfy\\code\\functions\\node_modules\\firebase-functions\\lib\\index.js"}} {"metadata":{"emulator":{"name":"functions"},"message":"[runtime-status] [8540] firebase-functions has been stubbed. {\"functionsResolution\":{\"declared\":true,\"installed\":true,\"version\":\"3.13.2\",\"resolution\":\"E:\\\\MUTAHHIR UNI\\\\W E B I C A M P\\\\MODULE 3\\\\react project\\\\Buyfy\\\\code\\\\functions\\\\node_modules\\\\firebase-functions\\\\lib\\\\index.js\"}}"}}
[debug] [2021-04-12T09:11:37.318Z] [runtime-status] [8540] Resolved module firebase-functions {"declared":true,"installed":true,"version":"3.13.2","resolution":"E:\\MUTAHHIR UNI\\W E B I C A M P\\MODULE 3\\react project\\Buyfy\\code\\functions\\node_modules\\firebase-functions\\lib\\index.js"} {"metadata":{"emulator":{"name":"functions"},"message":"[runtime-status] [8540] Resolved module firebase-functions {\"declared\":true,\"installed\":true,\"version\":\"3.13.2\",\"resolution\":\"E:\\\\MUTAHHIR UNI\\\\W E B I C A M P\\\\MODULE 3\\\\react project\\\\Buyfy\\\\code\\\\functions\\\\node_modules\\\\firebase-functions\\\\lib\\\\index.js\"}"}}
[debug] [2021-04-12T09:11:37.319Z] [runtime-status] [8540] Resolved module firebase-admin {"declared":true,"installed":true,"version":"9.6.0","resolution":"E:\\MUTAHHIR UNI\\W E B I C A M P\\MODULE 3\\react project\\Buyfy\\code\\functions\\node_modules\\firebase-admin\\lib\\index.js"} {"metadata":{"emulator":{"name":"functions"},"message":"[runtime-status] [8540] Resolved module firebase-admin {\"declared\":true,\"installed\":true,\"version\":\"9.6.0\",\"resolution\":\"E:\\\\MUTAHHIR UNI\\\\W E B I C A M P\\\\MODULE 3\\\\react project\\\\Buyfy\\\\code\\\\functions\\\\node_modules\\\\firebase-admin\\\\lib\\\\index.js\"}"}}
[debug] [2021-04-12T09:11:37.320Z] [runtime-status] [8540] Resolved module firebase-functions {"declared":true,"installed":true,"version":"3.13.2","resolution":"E:\\MUTAHHIR UNI\\W E B I C A M P\\MODULE 3\\react project\\Buyfy\\code\\functions\\node_modules\\firebase-functions\\lib\\index.js"} {"metadata":{"emulator":{"name":"functions"},"message":"[runtime-status] [8540] Resolved module firebase-functions {\"declared\":true,\"installed\":true,\"version\":\"3.13.2\",\"resolution\":\"E:\\\\MUTAHHIR UNI\\\\W E B I C A M P\\\\MODULE 3\\\\react project\\\\Buyfy\\\\code\\\\functions\\\\node_modules\\\\firebase-functions\\\\lib\\\\index.js\"}"}}
[debug] [2021-04-12T09:11:37.320Z] [runtime-status] [8540] firebase-admin has been stubbed. {"adminResolution":{"declared":true,"installed":true,"version":"9.6.0","resolution":"E:\\MUTAHHIR UNI\\W E B I C A M P\\MODULE 3\\react project\\Buyfy\\code\\functions\\node_modules\\firebase-admin\\lib\\index.js"}} {"metadata":{"emulator":{"name":"functions"},"message":"[runtime-status] [8540] firebase-admin has been stubbed. {\"adminResolution\":{\"declared\":true,\"installed\":true,\"version\":\"9.6.0\",\"resolution\":\"E:\\\\MUTAHHIR UNI\\\\W E B I C A M P\\\\MODULE 3\\\\react project\\\\Buyfy\\\\code\\\\functions\\\\node_modules\\\\firebase-admin\\\\lib\\\\index.js\"}}"}}
[debug] [2021-04-12T09:11:37.325Z] addAuthTrigger {"eventTrigger":{"resource":"projects/mutahhirbuyfy","eventType":"providers/firebase.auth/eventTypes/user.create","service":"firebaseauth.googleapis.com"}}
[info] +  functions[userCreated]: auth function initialized. {"metadata":{"emulator":{"name":"functions"},"message":"\u001b[1mauth\u001b[22m function initialized."}}
[debug] [2021-04-12T09:11:37.327Z] addAuthTrigger {"eventTrigger":{"resource":"projects/mutahhirbuyfy","eventType":"providers/firebase.auth/eventTypes/user.delete","service":"firebaseauth.googleapis.com"}}
[info] +  functions[userDeleted]: auth function initialized. {"metadata":{"emulator":{"name":"functions"},"message":"\u001b[1mauth\u001b[22m function initialized."}}
[debug] [2021-04-12T09:11:37.328Z] addFirestoreTrigger "{\"eventTrigger\":{\"resource\":\"projects/mutahhirbuyfy/databases/(default)/documents/orders/{docId}\",\"eventType\":\"providers/cloud.firestore/eventTypes/document.create\",\"service\":\"firestore.googleapis.com\"}}"
[debug] [2021-04-12T09:11:37.329Z] >>> HTTP REQUEST PUT http://localhost:8080/emulator/v1/projects/mutahhirbuyfy/triggers/orderAdded-0  
 {"eventTrigger":{"resource":"projects/mutahhirbuyfy/databases/(default)/documents/orders/{docId}","eventType":"providers/cloud.firestore/eventTypes/document.create","service":"firestore.googleapis.com"}}
[debug] [2021-04-12T09:11:37.332Z] [worker-~diagnostic~-8d0c7249-32a5-47d4-96a9-a5775f4f451c]: IDLE {"metadata":{"emulator":{"name":"functions"},"message":"[worker-~diagnostic~-8d0c7249-32a5-47d4-96a9-a5775f4f451c]: IDLE"}}
[debug] [2021-04-12T09:11:37.335Z] Apr 12, 2021 2:11:37 PM io.gapi.emulators.netty.HttpVersionRoutingHandler channelRead
INFO: Detected non-HTTP/2 connection.
 {"metadata":{"emulator":{"name":"firestore"},"message":"Apr 12, 2021 2:11:37 PM io.gapi.emulators.netty.HttpVersionRoutingHandler channelRead\r\nINFO: Detected non-HTTP/2 connection.\r\n"}}
[debug] [2021-04-12T09:11:37.524Z] Apr 12, 2021 2:11:37 PM io.gapi.emulators.netty.HttpVersionRoutingHandler channelRead
INFO: Detected HTTP/2 connection.
 {"metadata":{"emulator":{"name":"firestore"},"message":"Apr 12, 2021 2:11:37 PM io.gapi.emulators.netty.HttpVersionRoutingHandler channelRead\r\nINFO: Detected HTTP/2 connection.\r\n"}}
[debug] [2021-04-12T09:11:38.279Z] <<< HTTP RESPONSE 200 {"content-type":"application/json","content-length":"4"}
[info] +  functions[orderAdded]: firestore function initialized. {"metadata":{"emulator":{"name":"functions"},"message":"\u001b[1mfirestore\u001b[22m function initialized."}}
[debug] [2021-04-12T09:11:38.281Z] addFirestoreTrigger "{\"eventTrigger\":{\"resource\":\"projects/mutahhirbuyfy/databases/(default)/documents/orders/{docId}\",\"eventType\":\"providers/cloud.firestore/eventTypes/document.update\",\"service\":\"firestore.googleapis.com\"}}"
[debug] [2021-04-12T09:11:38.281Z] >>> HTTP REQUEST PUT http://localhost:8080/emulator/v1/projects/mutahhirbuyfy/triggers/orderUpdate-0  
 {"eventTrigger":{"resource":"projects/mutahhirbuyfy/databases/(default)/documents/orders/{docId}","eventType":"providers/cloud.firestore/eventTypes/document.update","service":"firestore.googleapis.com"}}
[debug] [2021-04-12T09:11:38.285Z] Apr 12, 2021 2:11:38 PM io.gapi.emulators.netty.HttpVersionRoutingHandler channelRead
INFO: Detected non-HTTP/2 connection.
 {"metadata":{"emulator":{"name":"firestore"},"message":"Apr 12, 2021 2:11:38 PM io.gapi.emulators.netty.HttpVersionRoutingHandler channelRead\r\nINFO: Detected non-HTTP/2 connection.\r\n"}}
[debug] [2021-04-12T09:11:38.297Z] <<< HTTP RESPONSE 200 {"content-type":"application/json","content-length":"4"}
[info] +  functions[orderUpdate]: firestore function initialized. {"metadata":{"emulator":{"name":"functions"},"message":"\u001b[1mfirestore\u001b[22m function initialized."}}
[debug] [2021-04-12T09:11:38.299Z] addFirestoreTrigger "{\"eventTrigger\":{\"resource\":\"projects/mutahhirbuyfy/databases/(default)/documents/orders/{docId}\",\"eventType\":\"providers/cloud.firestore/eventTypes/document.delete\",\"service\":\"firestore.googleapis.com\"}}"
[debug] [2021-04-12T09:11:38.299Z] >>> HTTP REQUEST PUT http://localhost:8080/emulator/v1/projects/mutahhirbuyfy/triggers/orderDelete-0  
 {"eventTrigger":{"resource":"projects/mutahhirbuyfy/databases/(default)/documents/orders/{docId}","eventType":"providers/cloud.firestore/eventTypes/document.delete","service":"firestore.googleapis.com"}}
[debug] [2021-04-12T09:11:38.304Z] Apr 12, 2021 2:11:38 PM io.gapi.emulators.netty.HttpVersionRoutingHandler channelRead
INFO: Detected non-HTTP/2 connection.
 {"metadata":{"emulator":{"name":"firestore"},"message":"Apr 12, 2021 2:11:38 PM io.gapi.emulators.netty.HttpVersionRoutingHandler channelRead\r\nINFO: Detected non-HTTP/2 connection.\r\n"}}
[debug] [2021-04-12T09:11:38.317Z] <<< HTTP RESPONSE 200 {"content-type":"application/json","content-length":"4"}
[info] +  functions[orderDelete]: firestore function initialized. {"metadata":{"emulator":{"name":"functions"},"message":"\u001b[1mfirestore\u001b[22m function initialized."}}
[info] 
┌─────────────────────────────────────────────────────────────┐
│ ✔  All emulators ready! It is now safe to connect your app. │
│ i  View Emulator UI at http://localhost:4000                │
└─────────────────────────────────────────────────────────────┘

┌────────────────┬────────────────┬─────────────────────────────────┐
│ Emulator       │ Host:Port      │ View in Emulator UI             │
├────────────────┼────────────────┼─────────────────────────────────┤
│ Authentication │ localhost:9099 │ http://localhost:4000/auth      │
├────────────────┼────────────────┼─────────────────────────────────┤
│ Functions      │ localhost:5001 │ http://localhost:4000/functions │
├────────────────┼────────────────┼─────────────────────────────────┤
│ Firestore      │ localhost:8080 │ http://localhost:4000/firestore │
└────────────────┴────────────────┴─────────────────────────────────┘
  Emulator Hub running at localhost:4400
  Other reserved ports: 4500

Issues? Report them at https://github.com/firebase/firebase-tools/issues and attach the *-debug.log files.
 
[debug] [2021-04-12T09:11:55.498Z] Apr 12, 2021 2:11:55 PM io.gapi.emulators.netty.HttpVersionRoutingHandler channelRead
INFO: Detected non-HTTP/2 connection.
 {"metadata":{"emulator":{"name":"firestore"},"message":"Apr 12, 2021 2:11:55 PM io.gapi.emulators.netty.HttpVersionRoutingHandler channelRead\r\nINFO: Detected non-HTTP/2 connection.\r\n"}}
[debug] [2021-04-12T09:12:23.144Z] Apr 12, 2021 2:12:23 PM io.gapi.emulators.netty.HttpVersionRoutingHandler channelRead
INFO: Detected non-HTTP/2 connection.
 {"metadata":{"emulator":{"name":"firestore"},"message":"Apr 12, 2021 2:12:23 PM io.gapi.emulators.netty.HttpVersionRoutingHandler channelRead\r\nINFO: Detected non-HTTP/2 connection.\r\n"}}
[debug] [2021-04-12T09:12:23.529Z] Apr 12, 2021 2:12:23 PM io.gapi.emulators.netty.HttpVersionRoutingHandler channelRead
INFO: Detected non-HTTP/2 connection.
 {"metadata":{"emulator":{"name":"firestore"},"message":"Apr 12, 2021 2:12:23 PM io.gapi.emulators.netty.HttpVersionRoutingHandler channelRead\r\nINFO: Detected non-HTTP/2 connection.\r\n"}}
[debug] [2021-04-12T09:12:23.791Z] Apr 12, 2021 2:12:23 PM io.gapi.emulators.netty.HttpVersionRoutingHandler channelRead
INFO: Detected non-HTTP/2 connection.
 {"metadata":{"emulator":{"name":"firestore"},"message":"Apr 12, 2021 2:12:23 PM io.gapi.emulators.netty.HttpVersionRoutingHandler channelRead\r\nINFO: Detected non-HTTP/2 connection.\r\n"}}
[debug] [2021-04-12T09:12:24.167Z] Apr 12, 2021 2:12:24 PM io.gapi.emulators.netty.HttpVersionRoutingHandler channelRead
INFO: Detected non-HTTP/2 connection.
 {"metadata":{"emulator":{"name":"firestore"},"message":"Apr 12, 2021 2:12:24 PM io.gapi.emulators.netty.HttpVersionRoutingHandler channelRead\r\nINFO: Detected non-HTTP/2 connection.\r\n"}}
[debug] [2021-04-12T09:12:24.290Z] [work-queue] {"queueLength":1,"workRunningCount":0}
[debug] [2021-04-12T09:12:24.291Z] [work-queue] {"queueLength":0,"workRunningCount":1}
[debug] [2021-04-12T09:12:24.291Z] Accepted request POST /functions/projects/mutahhirbuyfy/triggers/orderAdded-0 --> orderAdded-0 {"metadata":{"emulator":{"name":"functions"},"message":"Accepted request POST /functions/projects/mutahhirbuyfy/triggers/orderAdded-0 --> orderAdded-0"}}
[debug] [2021-04-12T09:12:24.303Z] [worker-pool] addWorker(orderAdded) {"metadata":{"emulator":{"name":"functions"},"message":"[worker-pool] addWorker(orderAdded)"}}
[debug] [2021-04-12T09:12:24.304Z] [worker-pool] Adding worker with key orderAdded, total=1 {"metadata":{"emulator":{"name":"functions"},"message":"[worker-pool] Adding worker with key orderAdded, total=1"}}
[debug] [2021-04-12T09:12:24.304Z] [worker-pool] submitWork(triggerId=orderAdded) {"metadata":{"emulator":{"name":"functions"},"message":"[worker-pool] submitWork(triggerId=orderAdded)"}}
[debug] [2021-04-12T09:12:24.304Z] [worker-orderAdded-e0a73e47-9d78-408d-bb12-872e9e67bcda]: Assigning socketPath: \\?\pipe\E:\MUTAHHIR UNI\W E B I C A M P\MODULE 3\react project\Buyfy\code\functions\7512 {"metadata":{"emulator":{"name":"functions"},"message":"[worker-orderAdded-e0a73e47-9d78-408d-bb12-872e9e67bcda]: Assigning socketPath: \\\\?\\pipe\\E:\\MUTAHHIR UNI\\W E B I C A M P\\MODULE 3\\react project\\Buyfy\\code\\functions\\7512"}}
[debug] [2021-04-12T09:12:24.305Z] [worker-orderAdded-e0a73e47-9d78-408d-bb12-872e9e67bcda]: BUSY {"metadata":{"emulator":{"name":"functions"},"message":"[worker-orderAdded-e0a73e47-9d78-408d-bb12-872e9e67bcda]: BUSY"}}
[debug] [2021-04-12T09:12:24.845Z] [runtime-status] [7512] Functions runtime initialized. {"cwd":"E:\\MUTAHHIR UNI\\W E B I C A M P\\MODULE 3\\react project\\Buyfy\\code\\functions","node_version":"12.0.0"} {"metadata":{"emulator":{"name":"functions"},"function":{"name":"orderAdded"},"message":"[runtime-status] [7512] Functions runtime initialized. {\"cwd\":\"E:\\\\MUTAHHIR UNI\\\\W E B I C A M P\\\\MODULE 3\\\\react project\\\\Buyfy\\\\code\\\\functions\",\"node_version\":\"12.0.0\"}"}}
[debug] [2021-04-12T09:12:24.847Z] [runtime-status] [7512] Disabled runtime features: undefined {"metadata":{"emulator":{"name":"functions"},"function":{"name":"orderAdded"},"message":"[runtime-status] [7512] Disabled runtime features: undefined"}}
[debug] [2021-04-12T09:12:24.851Z] [runtime-status] [7512] Resolved module firebase-admin {"declared":true,"installed":true,"version":"9.6.0","resolution":"E:\\MUTAHHIR UNI\\W E B I C A M P\\MODULE 3\\react project\\Buyfy\\code\\functions\\node_modules\\firebase-admin\\lib\\index.js"} {"metadata":{"emulator":{"name":"functions"},"function":{"name":"orderAdded"},"message":"[runtime-status] [7512] Resolved module firebase-admin {\"declared\":true,\"installed\":true,\"version\":\"9.6.0\",\"resolution\":\"E:\\\\MUTAHHIR UNI\\\\W E B I C A M P\\\\MODULE 3\\\\react project\\\\Buyfy\\\\code\\\\functions\\\\node_modules\\\\firebase-admin\\\\lib\\\\index.js\"}"}}
[debug] [2021-04-12T09:12:24.853Z] [runtime-status] [7512] Resolved module firebase-functions {"declared":true,"installed":true,"version":"3.13.2","resolution":"E:\\MUTAHHIR UNI\\W E B I C A M P\\MODULE 3\\react project\\Buyfy\\code\\functions\\node_modules\\firebase-functions\\lib\\index.js"} {"metadata":{"emulator":{"name":"functions"},"function":{"name":"orderAdded"},"message":"[runtime-status] [7512] Resolved module firebase-functions {\"declared\":true,\"installed\":true,\"version\":\"3.13.2\",\"resolution\":\"E:\\\\MUTAHHIR UNI\\\\W E B I C A M P\\\\MODULE 3\\\\react project\\\\Buyfy\\\\code\\\\functions\\\\node_modules\\\\firebase-functions\\\\lib\\\\index.js\"}"}}
[debug] [2021-04-12T09:12:24.854Z] [runtime-status] [7512] Resolved module firebase-functions {"declared":true,"installed":true,"version":"3.13.2","resolution":"E:\\MUTAHHIR UNI\\W E B I C A M P\\MODULE 3\\react project\\Buyfy\\code\\functions\\node_modules\\firebase-functions\\lib\\index.js"} {"metadata":{"emulator":{"name":"functions"},"function":{"name":"orderAdded"},"message":"[runtime-status] [7512] Resolved module firebase-functions {\"declared\":true,\"installed\":true,\"version\":\"3.13.2\",\"resolution\":\"E:\\\\MUTAHHIR UNI\\\\W E B I C A M P\\\\MODULE 3\\\\react project\\\\Buyfy\\\\code\\\\functions\\\\node_modules\\\\firebase-functions\\\\lib\\\\index.js\"}"}}
[debug] [2021-04-12T09:12:24.856Z] [runtime-status] [7512] Outgoing network have been stubbed. [{"name":"http","status":"mocked"},{"name":"http","status":"mocked"},{"name":"https","status":"mocked"},{"name":"https","status":"mocked"},{"name":"net","status":"mocked"}] {"metadata":{"emulator":{"name":"functions"},"function":{"name":"orderAdded"},"message":"[runtime-status] [7512] Outgoing network have been stubbed. [{\"name\":\"http\",\"status\":\"mocked\"},{\"name\":\"http\",\"status\":\"mocked\"},{\"name\":\"https\",\"status\":\"mocked\"},{\"name\":\"https\",\"status\":\"mocked\"},{\"name\":\"net\",\"status\":\"mocked\"}]"}}
[debug] [2021-04-12T09:12:24.857Z] [runtime-status] [7512] Resolved module firebase-functions {"declared":true,"installed":true,"version":"3.13.2","resolution":"E:\\MUTAHHIR UNI\\W E B I C A M P\\MODULE 3\\react project\\Buyfy\\code\\functions\\node_modules\\firebase-functions\\lib\\index.js"} {"metadata":{"emulator":{"name":"functions"},"function":{"name":"orderAdded"},"message":"[runtime-status] [7512] Resolved module firebase-functions {\"declared\":true,\"installed\":true,\"version\":\"3.13.2\",\"resolution\":\"E:\\\\MUTAHHIR UNI\\\\W E B I C A M P\\\\MODULE 3\\\\react project\\\\Buyfy\\\\code\\\\functions\\\\node_modules\\\\firebase-functions\\\\lib\\\\index.js\"}"}}
[debug] [2021-04-12T09:12:24.900Z] Apr 12, 2021 2:12:24 PM io.gapi.emulators.netty.HttpVersionRoutingHandler channelRead
INFO: Detected non-HTTP/2 connection.
 {"metadata":{"emulator":{"name":"firestore"},"message":"Apr 12, 2021 2:12:24 PM io.gapi.emulators.netty.HttpVersionRoutingHandler channelRead\r\nINFO: Detected non-HTTP/2 connection.\r\n"}}
[debug] [2021-04-12T09:12:24.901Z] Apr 12, 2021 2:12:24 PM io.gapi.emulators.netty.HttpVersionRoutingHandler channelRead
INFO: Detected non-HTTP/2 connection.
 {"metadata":{"emulator":{"name":"firestore"},"message":"Apr 12, 2021 2:12:24 PM io.gapi.emulators.netty.HttpVersionRoutingHandler channelRead\r\nINFO: Detected non-HTTP/2 connection.\r\n"}}
[debug] [2021-04-12T09:12:24.947Z] [runtime-status] [7512] Checked functions.config() {"config":{}} {"metadata":{"emulator":{"name":"functions"},"function":{"name":"orderAdded"},"message":"[runtime-status] [7512] Checked functions.config() {\"config\":{}}"}}
[debug] [2021-04-12T09:12:24.948Z] [runtime-status] [7512] firebase-functions has been stubbed. {"functionsResolution":{"declared":true,"installed":true,"version":"3.13.2","resolution":"E:\\MUTAHHIR UNI\\W E B I C A M P\\MODULE 3\\react project\\Buyfy\\code\\functions\\node_modules\\firebase-functions\\lib\\index.js"}} {"metadata":{"emulator":{"name":"functions"},"function":{"name":"orderAdded"},"message":"[runtime-status] [7512] firebase-functions has been stubbed. {\"functionsResolution\":{\"declared\":true,\"installed\":true,\"version\":\"3.13.2\",\"resolution\":\"E:\\\\MUTAHHIR UNI\\\\W E B I C A M P\\\\MODULE 3\\\\react project\\\\Buyfy\\\\code\\\\functions\\\\node_modules\\\\firebase-functions\\\\lib\\\\index.js\"}}"}}
[debug] [2021-04-12T09:12:24.949Z] [runtime-status] [7512] Resolved module firebase-functions {"declared":true,"installed":true,"version":"3.13.2","resolution":"E:\\MUTAHHIR UNI\\W E B I C A M P\\MODULE 3\\react project\\Buyfy\\code\\functions\\node_modules\\firebase-functions\\lib\\index.js"} {"metadata":{"emulator":{"name":"functions"},"function":{"name":"orderAdded"},"message":"[runtime-status] [7512] Resolved module firebase-functions {\"declared\":true,\"installed\":true,\"version\":\"3.13.2\",\"resolution\":\"E:\\\\MUTAHHIR UNI\\\\W E B I C A M P\\\\MODULE 3\\\\react project\\\\Buyfy\\\\code\\\\functions\\\\node_modules\\\\firebase-functions\\\\lib\\\\index.js\"}"}}
[debug] [2021-04-12T09:12:24.951Z] [runtime-status] [7512] Resolved module firebase-admin {"declared":true,"installed":true,"version":"9.6.0","resolution":"E:\\MUTAHHIR UNI\\W E B I C A M P\\MODULE 3\\react project\\Buyfy\\code\\functions\\node_modules\\firebase-admin\\lib\\index.js"} {"metadata":{"emulator":{"name":"functions"},"function":{"name":"orderAdded"},"message":"[runtime-status] [7512] Resolved module firebase-admin {\"declared\":true,\"installed\":true,\"version\":\"9.6.0\",\"resolution\":\"E:\\\\MUTAHHIR UNI\\\\W E B I C A M P\\\\MODULE 3\\\\react project\\\\Buyfy\\\\code\\\\functions\\\\node_modules\\\\firebase-admin\\\\lib\\\\index.js\"}"}}
[debug] [2021-04-12T09:12:24.952Z] [runtime-status] [7512] Resolved module firebase-functions {"declared":true,"installed":true,"version":"3.13.2","resolution":"E:\\MUTAHHIR UNI\\W E B I C A M P\\MODULE 3\\react project\\Buyfy\\code\\functions\\node_modules\\firebase-functions\\lib\\index.js"} {"metadata":{"emulator":{"name":"functions"},"function":{"name":"orderAdded"},"message":"[runtime-status] [7512] Resolved module firebase-functions {\"declared\":true,\"installed\":true,\"version\":\"3.13.2\",\"resolution\":\"E:\\\\MUTAHHIR UNI\\\\W E B I C A M P\\\\MODULE 3\\\\react project\\\\Buyfy\\\\code\\\\functions\\\\node_modules\\\\firebase-functions\\\\lib\\\\index.js\"}"}}
[debug] [2021-04-12T09:12:24.953Z] [runtime-status] [7512] firebase-admin has been stubbed. {"adminResolution":{"declared":true,"installed":true,"version":"9.6.0","resolution":"E:\\MUTAHHIR UNI\\W E B I C A M P\\MODULE 3\\react project\\Buyfy\\code\\functions\\node_modules\\firebase-admin\\lib\\index.js"}} {"metadata":{"emulator":{"name":"functions"},"function":{"name":"orderAdded"},"message":"[runtime-status] [7512] firebase-admin has been stubbed. {\"adminResolution\":{\"declared\":true,\"installed\":true,\"version\":\"9.6.0\",\"resolution\":\"E:\\\\MUTAHHIR UNI\\\\W E B I C A M P\\\\MODULE 3\\\\react project\\\\Buyfy\\\\code\\\\functions\\\\node_modules\\\\firebase-admin\\\\lib\\\\index.js\"}}"}}
[debug] [2021-04-12T09:12:24.958Z] [runtime-status] [7512] Trigger "orderAdded" has been found, beginning invocation! {"metadata":{"emulator":{"name":"functions"},"function":{"name":"orderAdded"},"message":"[runtime-status] [7512] Trigger \"orderAdded\" has been found, beginning invocation!"}}
[info] i  functions: Beginning execution of "orderAdded" {"metadata":{"emulator":{"name":"functions"},"function":{"name":"orderAdded"},"message":"Beginning execution of \"orderAdded\""}}
[debug] [2021-04-12T09:12:24.960Z] [runtime-status] [7512] triggerDefinition {"eventTrigger":{"resource":"projects/mutahhirbuyfy/databases/(default)/documents/orders/{docId}","eventType":"providers/cloud.firestore/eventTypes/document.create","service":"firestore.googleapis.com"},"name":"orderAdded","entryPoint":"orderAdded"} {"metadata":{"emulator":{"name":"functions"},"function":{"name":"orderAdded"},"message":"[runtime-status] [7512] triggerDefinition {\"eventTrigger\":{\"resource\":\"projects/mutahhirbuyfy/databases/(default)/documents/orders/{docId}\",\"eventType\":\"providers/cloud.firestore/eventTypes/document.create\",\"service\":\"firestore.googleapis.com\"},\"name\":\"orderAdded\",\"entryPoint\":\"orderAdded\"}"}}
[debug] [2021-04-12T09:12:24.961Z] [runtime-status] [7512] Running orderAdded in mode BACKGROUND {"metadata":{"emulator":{"name":"functions"},"function":{"name":"orderAdded"},"message":"[runtime-status] [7512] Running orderAdded in mode BACKGROUND"}}
[debug] [2021-04-12T09:12:24.962Z] [runtime-status] [7512] ProcessBackground {"data":{"value":{"name":"projects/mutahhirbuyfy/databases/(default)/documents/orders/9lf2ggMdZ2pubMlSK71Z","fields":{"orderedBy":{"stringValue":"user1"}},"createTime":"2021-04-12T09:12:23.999Z","updateTime":"2021-04-12T09:12:23.999Z"},"updateMask":{}},"context":{"eventId":"72c1413b-0e7b-4209-9fad-e0e0048adf6b","timestamp":"2021-04-12T09:12:23.999Z","eventType":"providers/cloud.firestore/eventTypes/document.create","resource":{"name":"projects/mutahhirbuyfy/databases/(default)/documents/orders/9lf2ggMdZ2pubMlSK71Z","service":"firestore.googleapis.com"}}} {"metadata":{"emulator":{"name":"functions"},"function":{"name":"orderAdded"},"message":"[runtime-status] [7512] ProcessBackground {\"data\":{\"value\":{\"name\":\"projects/mutahhirbuyfy/databases/(default)/documents/orders/9lf2ggMdZ2pubMlSK71Z\",\"fields\":{\"orderedBy\":{\"stringValue\":\"user1\"}},\"createTime\":\"2021-04-12T09:12:23.999Z\",\"updateTime\":\"2021-04-12T09:12:23.999Z\"},\"updateMask\":{}},\"context\":{\"eventId\":\"72c1413b-0e7b-4209-9fad-e0e0048adf6b\",\"timestamp\":\"2021-04-12T09:12:23.999Z\",\"eventType\":\"providers/cloud.firestore/eventTypes/document.create\",\"resource\":{\"name\":\"projects/mutahhirbuyfy/databases/(default)/documents/orders/9lf2ggMdZ2pubMlSK71Z\",\"service\":\"firestore.googleapis.com\"}}}"}}
[debug] [2021-04-12T09:12:24.962Z] [runtime-status] [7512] ProcessBackground: lifting resource.name from resource {"name":"projects/mutahhirbuyfy/databases/(default)/documents/orders/9lf2ggMdZ2pubMlSK71Z","service":"firestore.googleapis.com"} {"metadata":{"emulator":{"name":"functions"},"function":{"name":"orderAdded"},"message":"[runtime-status] [7512] ProcessBackground: lifting resource.name from resource {\"name\":\"projects/mutahhirbuyfy/databases/(default)/documents/orders/9lf2ggMdZ2pubMlSK71Z\",\"service\":\"firestore.googleapis.com\"}"}}
[debug] [2021-04-12T09:12:24.963Z] [runtime-status] [7512] RunBackground {"data":{"value":{"name":"projects/mutahhirbuyfy/databases/(default)/documents/orders/9lf2ggMdZ2pubMlSK71Z","fields":{"orderedBy":{"stringValue":"user1"}},"createTime":"2021-04-12T09:12:23.999Z","updateTime":"2021-04-12T09:12:23.999Z"},"updateMask":{}},"context":{"eventId":"72c1413b-0e7b-4209-9fad-e0e0048adf6b","timestamp":"2021-04-12T09:12:23.999Z","eventType":"providers/cloud.firestore/eventTypes/document.create","resource":"projects/mutahhirbuyfy/databases/(default)/documents/orders/9lf2ggMdZ2pubMlSK71Z"}} {"metadata":{"emulator":{"name":"functions"},"function":{"name":"orderAdded"},"message":"[runtime-status] [7512] RunBackground {\"data\":{\"value\":{\"name\":\"projects/mutahhirbuyfy/databases/(default)/documents/orders/9lf2ggMdZ2pubMlSK71Z\",\"fields\":{\"orderedBy\":{\"stringValue\":\"user1\"}},\"createTime\":\"2021-04-12T09:12:23.999Z\",\"updateTime\":\"2021-04-12T09:12:23.999Z\"},\"updateMask\":{}},\"context\":{\"eventId\":\"72c1413b-0e7b-4209-9fad-e0e0048adf6b\",\"timestamp\":\"2021-04-12T09:12:23.999Z\",\"eventType\":\"providers/cloud.firestore/eventTypes/document.create\",\"resource\":\"projects/mutahhirbuyfy/databases/(default)/documents/orders/9lf2ggMdZ2pubMlSK71Z\"}}"}}
[info] >  Adding new order.......... {"user":"Adding new order..........","metadata":{"emulator":{"name":"functions"},"function":{"name":"orderAdded"},"message":"\u001b[90m> \u001b[39m Adding new order.........."}}
[debug] [2021-04-12T09:12:25.301Z] [runtime-status] [7512] Ephemeral server survived. {"metadata":{"emulator":{"name":"functions"},"function":{"name":"orderAdded"},"message":"[runtime-status] [7512] Ephemeral server survived."}}
[info] i  functions: Finished "orderAdded" in ~1s {"metadata":{"emulator":{"name":"functions"},"function":{"name":"orderAdded"},"message":"Finished \"orderAdded\" in ~1s"}}
[debug] [2021-04-12T09:12:25.303Z] [worker-orderAdded-e0a73e47-9d78-408d-bb12-872e9e67bcda]: IDLE {"metadata":{"emulator":{"name":"functions"},"message":"[worker-orderAdded-e0a73e47-9d78-408d-bb12-872e9e67bcda]: IDLE"}}
[debug] [2021-04-12T09:12:25.305Z] [work-queue] {"queueLength":0,"workRunningCount":0}
[info] >  new order: [object Object] {"user":"new order: [object Object]","metadata":{"emulator":{"name":"functions"},"function":{"name":"orderAdded"},"message":"\u001b[90m> \u001b[39m new order: [object Object]"}}
[info] >  new order docId: 9lf2ggMdZ2pubMlSK71Z {"user":"new order docId: 9lf2ggMdZ2pubMlSK71Z","metadata":{"emulator":{"name":"functions"},"function":{"name":"orderAdded"},"message":"\u001b[90m> \u001b[39m new order docId: 9lf2ggMdZ2pubMlSK71Z"}}
[debug] [2021-04-12T09:12:34.990Z] Apr 12, 2021 2:12:34 PM io.gapi.emulators.netty.HttpVersionRoutingHandler channelRead
INFO: Detected non-HTTP/2 connection.
 {"metadata":{"emulator":{"name":"firestore"},"message":"Apr 12, 2021 2:12:34 PM io.gapi.emulators.netty.HttpVersionRoutingHandler channelRead\r\nINFO: Detected non-HTTP/2 connection.\r\n"}}
[debug] [2021-04-12T09:12:35.042Z] [work-queue] {"queueLength":1,"workRunningCount":0}
[debug] [2021-04-12T09:12:35.043Z] [work-queue] {"queueLength":0,"workRunningCount":1}
[debug] [2021-04-12T09:12:35.043Z] Accepted request POST /functions/projects/mutahhirbuyfy/triggers/orderUpdate-0 --> orderUpdate-0 {"metadata":{"emulator":{"name":"functions"},"message":"Accepted request POST /functions/projects/mutahhirbuyfy/triggers/orderUpdate-0 --> orderUpdate-0"}}
[debug] [2021-04-12T09:12:35.056Z] [worker-pool] addWorker(orderUpdate) {"metadata":{"emulator":{"name":"functions"},"message":"[worker-pool] addWorker(orderUpdate)"}}
[debug] [2021-04-12T09:12:35.056Z] [worker-pool] Adding worker with key orderUpdate, total=1 {"metadata":{"emulator":{"name":"functions"},"message":"[worker-pool] Adding worker with key orderUpdate, total=1"}}
[debug] [2021-04-12T09:12:35.056Z] [worker-pool] submitWork(triggerId=orderUpdate) {"metadata":{"emulator":{"name":"functions"},"message":"[worker-pool] submitWork(triggerId=orderUpdate)"}}
[debug] [2021-04-12T09:12:35.057Z] [worker-orderUpdate-ea60b8fe-d722-4ec9-aa13-3fd75e5be463]: Assigning socketPath: \\?\pipe\E:\MUTAHHIR UNI\W E B I C A M P\MODULE 3\react project\Buyfy\code\functions\13136 {"metadata":{"emulator":{"name":"functions"},"message":"[worker-orderUpdate-ea60b8fe-d722-4ec9-aa13-3fd75e5be463]: Assigning socketPath: \\\\?\\pipe\\E:\\MUTAHHIR UNI\\W E B I C A M P\\MODULE 3\\react project\\Buyfy\\code\\functions\\13136"}}
[debug] [2021-04-12T09:12:35.057Z] [worker-orderUpdate-ea60b8fe-d722-4ec9-aa13-3fd75e5be463]: BUSY {"metadata":{"emulator":{"name":"functions"},"message":"[worker-orderUpdate-ea60b8fe-d722-4ec9-aa13-3fd75e5be463]: BUSY"}}
[debug] [2021-04-12T09:12:35.359Z] [runtime-status] [13136] Functions runtime initialized. {"cwd":"E:\\MUTAHHIR UNI\\W E B I C A M P\\MODULE 3\\react project\\Buyfy\\code\\functions","node_version":"12.0.0"} {"metadata":{"emulator":{"name":"functions"},"function":{"name":"orderUpdate"},"message":"[runtime-status] [13136] Functions runtime initialized. {\"cwd\":\"E:\\\\MUTAHHIR UNI\\\\W E B I C A M P\\\\MODULE 3\\\\react project\\\\Buyfy\\\\code\\\\functions\",\"node_version\":\"12.0.0\"}"}}
[debug] [2021-04-12T09:12:35.361Z] [runtime-status] [13136] Disabled runtime features: undefined {"metadata":{"emulator":{"name":"functions"},"function":{"name":"orderUpdate"},"message":"[runtime-status] [13136] Disabled runtime features: undefined"}}
[debug] [2021-04-12T09:12:35.368Z] [runtime-status] [13136] Resolved module firebase-admin {"declared":true,"installed":true,"version":"9.6.0","resolution":"E:\\MUTAHHIR UNI\\W E B I C A M P\\MODULE 3\\react project\\Buyfy\\code\\functions\\node_modules\\firebase-admin\\lib\\index.js"} {"metadata":{"emulator":{"name":"functions"},"function":{"name":"orderUpdate"},"message":"[runtime-status] [13136] Resolved module firebase-admin {\"declared\":true,\"installed\":true,\"version\":\"9.6.0\",\"resolution\":\"E:\\\\MUTAHHIR UNI\\\\W E B I C A M P\\\\MODULE 3\\\\react project\\\\Buyfy\\\\code\\\\functions\\\\node_modules\\\\firebase-admin\\\\lib\\\\index.js\"}"}}
[debug] [2021-04-12T09:12:35.371Z] [runtime-status] [13136] Resolved module firebase-functions {"declared":true,"installed":true,"version":"3.13.2","resolution":"E:\\MUTAHHIR UNI\\W E B I C A M P\\MODULE 3\\react project\\Buyfy\\code\\functions\\node_modules\\firebase-functions\\lib\\index.js"} {"metadata":{"emulator":{"name":"functions"},"function":{"name":"orderUpdate"},"message":"[runtime-status] [13136] Resolved module firebase-functions {\"declared\":true,\"installed\":true,\"version\":\"3.13.2\",\"resolution\":\"E:\\\\MUTAHHIR UNI\\\\W E B I C A M P\\\\MODULE 3\\\\react project\\\\Buyfy\\\\code\\\\functions\\\\node_modules\\\\firebase-functions\\\\lib\\\\index.js\"}"}}
[debug] [2021-04-12T09:12:35.372Z] [runtime-status] [13136] Resolved module firebase-functions {"declared":true,"installed":true,"version":"3.13.2","resolution":"E:\\MUTAHHIR UNI\\W E B I C A M P\\MODULE 3\\react project\\Buyfy\\code\\functions\\node_modules\\firebase-functions\\lib\\index.js"} {"metadata":{"emulator":{"name":"functions"},"function":{"name":"orderUpdate"},"message":"[runtime-status] [13136] Resolved module firebase-functions {\"declared\":true,\"installed\":true,\"version\":\"3.13.2\",\"resolution\":\"E:\\\\MUTAHHIR UNI\\\\W E B I C A M P\\\\MODULE 3\\\\react project\\\\Buyfy\\\\code\\\\functions\\\\node_modules\\\\firebase-functions\\\\lib\\\\index.js\"}"}}
[debug] [2021-04-12T09:12:35.377Z] [runtime-status] [13136] Outgoing network have been stubbed. [{"name":"http","status":"mocked"},{"name":"http","status":"mocked"},{"name":"https","status":"mocked"},{"name":"https","status":"mocked"},{"name":"net","status":"mocked"}] {"metadata":{"emulator":{"name":"functions"},"function":{"name":"orderUpdate"},"message":"[runtime-status] [13136] Outgoing network have been stubbed. [{\"name\":\"http\",\"status\":\"mocked\"},{\"name\":\"http\",\"status\":\"mocked\"},{\"name\":\"https\",\"status\":\"mocked\"},{\"name\":\"https\",\"status\":\"mocked\"},{\"name\":\"net\",\"status\":\"mocked\"}]"}}
[debug] [2021-04-12T09:12:35.378Z] [runtime-status] [13136] Resolved module firebase-functions {"declared":true,"installed":true,"version":"3.13.2","resolution":"E:\\MUTAHHIR UNI\\W E B I C A M P\\MODULE 3\\react project\\Buyfy\\code\\functions\\node_modules\\firebase-functions\\lib\\index.js"} {"metadata":{"emulator":{"name":"functions"},"function":{"name":"orderUpdate"},"message":"[runtime-status] [13136] Resolved module firebase-functions {\"declared\":true,\"installed\":true,\"version\":\"3.13.2\",\"resolution\":\"E:\\\\MUTAHHIR UNI\\\\W E B I C A M P\\\\MODULE 3\\\\react project\\\\Buyfy\\\\code\\\\functions\\\\node_modules\\\\firebase-functions\\\\lib\\\\index.js\"}"}}
[debug] [2021-04-12T09:12:35.458Z] [runtime-status] [13136] Checked functions.config() {"config":{}} {"metadata":{"emulator":{"name":"functions"},"function":{"name":"orderUpdate"},"message":"[runtime-status] [13136] Checked functions.config() {\"config\":{}}"}}
[debug] [2021-04-12T09:12:35.459Z] [runtime-status] [13136] firebase-functions has been stubbed. {"functionsResolution":{"declared":true,"installed":true,"version":"3.13.2","resolution":"E:\\MUTAHHIR UNI\\W E B I C A M P\\MODULE 3\\react project\\Buyfy\\code\\functions\\node_modules\\firebase-functions\\lib\\index.js"}} {"metadata":{"emulator":{"name":"functions"},"function":{"name":"orderUpdate"},"message":"[runtime-status] [13136] firebase-functions has been stubbed. {\"functionsResolution\":{\"declared\":true,\"installed\":true,\"version\":\"3.13.2\",\"resolution\":\"E:\\\\MUTAHHIR UNI\\\\W E B I C A M P\\\\MODULE 3\\\\react project\\\\Buyfy\\\\code\\\\functions\\\\node_modules\\\\firebase-functions\\\\lib\\\\index.js\"}}"}}
[debug] [2021-04-12T09:12:35.459Z] [runtime-status] [13136] Resolved module firebase-functions {"declared":true,"installed":true,"version":"3.13.2","resolution":"E:\\MUTAHHIR UNI\\W E B I C A M P\\MODULE 3\\react project\\Buyfy\\code\\functions\\node_modules\\firebase-functions\\lib\\index.js"} {"metadata":{"emulator":{"name":"functions"},"function":{"name":"orderUpdate"},"message":"[runtime-status] [13136] Resolved module firebase-functions {\"declared\":true,\"installed\":true,\"version\":\"3.13.2\",\"resolution\":\"E:\\\\MUTAHHIR UNI\\\\W E B I C A M P\\\\MODULE 3\\\\react project\\\\Buyfy\\\\code\\\\functions\\\\node_modules\\\\firebase-functions\\\\lib\\\\index.js\"}"}}
[debug] [2021-04-12T09:12:35.461Z] [runtime-status] [13136] Resolved module firebase-admin {"declared":true,"installed":true,"version":"9.6.0","resolution":"E:\\MUTAHHIR UNI\\W E B I C A M P\\MODULE 3\\react project\\Buyfy\\code\\functions\\node_modules\\firebase-admin\\lib\\index.js"} {"metadata":{"emulator":{"name":"functions"},"function":{"name":"orderUpdate"},"message":"[runtime-status] [13136] Resolved module firebase-admin {\"declared\":true,\"installed\":true,\"version\":\"9.6.0\",\"resolution\":\"E:\\\\MUTAHHIR UNI\\\\W E B I C A M P\\\\MODULE 3\\\\react project\\\\Buyfy\\\\code\\\\functions\\\\node_modules\\\\firebase-admin\\\\lib\\\\index.js\"}"}}
[debug] [2021-04-12T09:12:35.462Z] [runtime-status] [13136] Resolved module firebase-functions {"declared":true,"installed":true,"version":"3.13.2","resolution":"E:\\MUTAHHIR UNI\\W E B I C A M P\\MODULE 3\\react project\\Buyfy\\code\\functions\\node_modules\\firebase-functions\\lib\\index.js"} {"metadata":{"emulator":{"name":"functions"},"function":{"name":"orderUpdate"},"message":"[runtime-status] [13136] Resolved module firebase-functions {\"declared\":true,\"installed\":true,\"version\":\"3.13.2\",\"resolution\":\"E:\\\\MUTAHHIR UNI\\\\W E B I C A M P\\\\MODULE 3\\\\react project\\\\Buyfy\\\\code\\\\functions\\\\node_modules\\\\firebase-functions\\\\lib\\\\index.js\"}"}}
[debug] [2021-04-12T09:12:35.462Z] [runtime-status] [13136] firebase-admin has been stubbed. {"adminResolution":{"declared":true,"installed":true,"version":"9.6.0","resolution":"E:\\MUTAHHIR UNI\\W E B I C A M P\\MODULE 3\\react project\\Buyfy\\code\\functions\\node_modules\\firebase-admin\\lib\\index.js"}} {"metadata":{"emulator":{"name":"functions"},"function":{"name":"orderUpdate"},"message":"[runtime-status] [13136] firebase-admin has been stubbed. {\"adminResolution\":{\"declared\":true,\"installed\":true,\"version\":\"9.6.0\",\"resolution\":\"E:\\\\MUTAHHIR UNI\\\\W E B I C A M P\\\\MODULE 3\\\\react project\\\\Buyfy\\\\code\\\\functions\\\\node_modules\\\\firebase-admin\\\\lib\\\\index.js\"}}"}}
[debug] [2021-04-12T09:12:35.467Z] [runtime-status] [13136] Trigger "orderUpdate" has been found, beginning invocation! {"metadata":{"emulator":{"name":"functions"},"function":{"name":"orderUpdate"},"message":"[runtime-status] [13136] Trigger \"orderUpdate\" has been found, beginning invocation!"}}
[info] i  functions: Beginning execution of "orderUpdate" {"metadata":{"emulator":{"name":"functions"},"function":{"name":"orderUpdate"},"message":"Beginning execution of \"orderUpdate\""}}
[debug] [2021-04-12T09:12:35.470Z] [runtime-status] [13136] triggerDefinition {"eventTrigger":{"resource":"projects/mutahhirbuyfy/databases/(default)/documents/orders/{docId}","eventType":"providers/cloud.firestore/eventTypes/document.update","service":"firestore.googleapis.com"},"name":"orderUpdate","entryPoint":"orderUpdate"} {"metadata":{"emulator":{"name":"functions"},"function":{"name":"orderUpdate"},"message":"[runtime-status] [13136] triggerDefinition {\"eventTrigger\":{\"resource\":\"projects/mutahhirbuyfy/databases/(default)/documents/orders/{docId}\",\"eventType\":\"providers/cloud.firestore/eventTypes/document.update\",\"service\":\"firestore.googleapis.com\"},\"name\":\"orderUpdate\",\"entryPoint\":\"orderUpdate\"}"}}
[debug] [2021-04-12T09:12:35.470Z] [runtime-status] [13136] Running orderUpdate in mode BACKGROUND {"metadata":{"emulator":{"name":"functions"},"function":{"name":"orderUpdate"},"message":"[runtime-status] [13136] Running orderUpdate in mode BACKGROUND"}}
[debug] [2021-04-12T09:12:35.471Z] [runtime-status] [13136] ProcessBackground {"data":{"value":{"name":"projects/mutahhirbuyfy/databases/(default)/documents/orders/9lf2ggMdZ2pubMlSK71Z","fields":{"orderedBy":{"stringValue":"user1"},"cost":{"integerValue":"100"}},"createTime":"2021-04-12T09:12:23.999Z","updateTime":"2021-04-12T09:12:35.022006Z"},"oldValue":{"name":"projects/mutahhirbuyfy/databases/(default)/documents/orders/9lf2ggMdZ2pubMlSK71Z","fields":{"orderedBy":{"stringValue":"user1"}},"createTime":"2021-04-12T09:12:23.999Z","updateTime":"2021-04-12T09:12:23.999Z"},"updateMask":{}},"context":{"eventId":"f0b44597-0a16-4698-88cb-255c1db66a7d","timestamp":"2021-04-12T09:12:35.022Z","eventType":"providers/cloud.firestore/eventTypes/document.update","resource":{"name":"projects/mutahhirbuyfy/databases/(default)/documents/orders/9lf2ggMdZ2pubMlSK71Z","service":"firestore.googleapis.com"}}} {"metadata":{"emulator":{"name":"functions"},"function":{"name":"orderUpdate"},"message":"[runtime-status] [13136] ProcessBackground {\"data\":{\"value\":{\"name\":\"projects/mutahhirbuyfy/databases/(default)/documents/orders/9lf2ggMdZ2pubMlSK71Z\",\"fields\":{\"orderedBy\":{\"stringValue\":\"user1\"},\"cost\":{\"integerValue\":\"100\"}},\"createTime\":\"2021-04-12T09:12:23.999Z\",\"updateTime\":\"2021-04-12T09:12:35.022006Z\"},\"oldValue\":{\"name\":\"projects/mutahhirbuyfy/databases/(default)/documents/orders/9lf2ggMdZ2pubMlSK71Z\",\"fields\":{\"orderedBy\":{\"stringValue\":\"user1\"}},\"createTime\":\"2021-04-12T09:12:23.999Z\",\"updateTime\":\"2021-04-12T09:12:23.999Z\"},\"updateMask\":{}},\"context\":{\"eventId\":\"f0b44597-0a16-4698-88cb-255c1db66a7d\",\"timestamp\":\"2021-04-12T09:12:35.022Z\",\"eventType\":\"providers/cloud.firestore/eventTypes/document.update\",\"resource\":{\"name\":\"projects/mutahhirbuyfy/databases/(default)/documents/orders/9lf2ggMdZ2pubMlSK71Z\",\"service\":\"firestore.googleapis.com\"}}}"}}
[debug] [2021-04-12T09:12:35.472Z] [runtime-status] [13136] ProcessBackground: lifting resource.name from resource {"name":"projects/mutahhirbuyfy/databases/(default)/documents/orders/9lf2ggMdZ2pubMlSK71Z","service":"firestore.googleapis.com"} {"metadata":{"emulator":{"name":"functions"},"function":{"name":"orderUpdate"},"message":"[runtime-status] [13136] ProcessBackground: lifting resource.name from resource {\"name\":\"projects/mutahhirbuyfy/databases/(default)/documents/orders/9lf2ggMdZ2pubMlSK71Z\",\"service\":\"firestore.googleapis.com\"}"}}
[debug] [2021-04-12T09:12:35.472Z] [runtime-status] [13136] RunBackground {"data":{"value":{"name":"projects/mutahhirbuyfy/databases/(default)/documents/orders/9lf2ggMdZ2pubMlSK71Z","fields":{"orderedBy":{"stringValue":"user1"},"cost":{"integerValue":"100"}},"createTime":"2021-04-12T09:12:23.999Z","updateTime":"2021-04-12T09:12:35.022006Z"},"oldValue":{"name":"projects/mutahhirbuyfy/databases/(default)/documents/orders/9lf2ggMdZ2pubMlSK71Z","fields":{"orderedBy":{"stringValue":"user1"}},"createTime":"2021-04-12T09:12:23.999Z","updateTime":"2021-04-12T09:12:23.999Z"},"updateMask":{}},"context":{"eventId":"f0b44597-0a16-4698-88cb-255c1db66a7d","timestamp":"2021-04-12T09:12:35.022Z","eventType":"providers/cloud.firestore/eventTypes/document.update","resource":"projects/mutahhirbuyfy/databases/(default)/documents/orders/9lf2ggMdZ2pubMlSK71Z"}} {"metadata":{"emulator":{"name":"functions"},"function":{"name":"orderUpdate"},"message":"[runtime-status] [13136] RunBackground {\"data\":{\"value\":{\"name\":\"projects/mutahhirbuyfy/databases/(default)/documents/orders/9lf2ggMdZ2pubMlSK71Z\",\"fields\":{\"orderedBy\":{\"stringValue\":\"user1\"},\"cost\":{\"integerValue\":\"100\"}},\"createTime\":\"2021-04-12T09:12:23.999Z\",\"updateTime\":\"2021-04-12T09:12:35.022006Z\"},\"oldValue\":{\"name\":\"projects/mutahhirbuyfy/databases/(default)/documents/orders/9lf2ggMdZ2pubMlSK71Z\",\"fields\":{\"orderedBy\":{\"stringValue\":\"user1\"}},\"createTime\":\"2021-04-12T09:12:23.999Z\",\"updateTime\":\"2021-04-12T09:12:23.999Z\"},\"updateMask\":{}},\"context\":{\"eventId\":\"f0b44597-0a16-4698-88cb-255c1db66a7d\",\"timestamp\":\"2021-04-12T09:12:35.022Z\",\"eventType\":\"providers/cloud.firestore/eventTypes/document.update\",\"resource\":\"projects/mutahhirbuyfy/databases/(default)/documents/orders/9lf2ggMdZ2pubMlSK71Z\"}}"}}
[info] >  updating order.......... {"user":"updating order..........","metadata":{"emulator":{"name":"functions"},"function":{"name":"orderUpdate"},"message":"\u001b[90m> \u001b[39m updating order.........."}}
[debug] [2021-04-12T09:12:35.817Z] [runtime-status] [13136] Ephemeral server survived. {"metadata":{"emulator":{"name":"functions"},"function":{"name":"orderUpdate"},"message":"[runtime-status] [13136] Ephemeral server survived."}}
[info] >  before: [object Object] {"user":"before: [object Object]","metadata":{"emulator":{"name":"functions"},"function":{"name":"orderUpdate"},"message":"\u001b[90m> \u001b[39m before: [object Object]"}}
[info] >  after: [object Object] {"user":"after: [object Object]","metadata":{"emulator":{"name":"functions"},"function":{"name":"orderUpdate"},"message":"\u001b[90m> \u001b[39m after: [object Object]"}}
[info] >  docId: 9lf2ggMdZ2pubMlSK71Z {"user":"docId: 9lf2ggMdZ2pubMlSK71Z","metadata":{"emulator":{"name":"functions"},"function":{"name":"orderUpdate"},"message":"\u001b[90m> \u001b[39m docId: 9lf2ggMdZ2pubMlSK71Z"}}
[info] i  functions: Finished "orderUpdate" in ~1s {"metadata":{"emulator":{"name":"functions"},"function":{"name":"orderUpdate"},"message":"Finished \"orderUpdate\" in ~1s"}}
[debug] [2021-04-12T09:12:35.822Z] [worker-orderUpdate-ea60b8fe-d722-4ec9-aa13-3fd75e5be463]: IDLE {"metadata":{"emulator":{"name":"functions"},"message":"[worker-orderUpdate-ea60b8fe-d722-4ec9-aa13-3fd75e5be463]: IDLE"}}
[debug] [2021-04-12T09:12:35.826Z] [work-queue] {"queueLength":0,"workRunningCount":0}
[debug] [2021-04-12T09:12:44.280Z] Apr 12, 2021 2:12:44 PM io.gapi.emulators.netty.HttpVersionRoutingHandler channelRead
INFO: Detected non-HTTP/2 connection.
 {"metadata":{"emulator":{"name":"firestore"},"message":"Apr 12, 2021 2:12:44 PM io.gapi.emulators.netty.HttpVersionRoutingHandler channelRead\r\nINFO: Detected non-HTTP/2 connection.\r\n"}}
[debug] [2021-04-12T09:12:52.062Z] Apr 12, 2021 2:12:52 PM io.gapi.emulators.netty.HttpVersionRoutingHandler channelRead
INFO: Detected non-HTTP/2 connection.
 {"metadata":{"emulator":{"name":"firestore"},"message":"Apr 12, 2021 2:12:52 PM io.gapi.emulators.netty.HttpVersionRoutingHandler channelRead\r\nINFO: Detected non-HTTP/2 connection.\r\n"}}
[debug] [2021-04-12T09:12:52.107Z] [work-queue] {"queueLength":1,"workRunningCount":0}
[debug] [2021-04-12T09:12:52.107Z] [work-queue] {"queueLength":0,"workRunningCount":1}
[debug] [2021-04-12T09:12:52.108Z] Accepted request POST /functions/projects/mutahhirbuyfy/triggers/orderDelete-0 --> orderDelete-0 {"metadata":{"emulator":{"name":"functions"},"message":"Accepted request POST /functions/projects/mutahhirbuyfy/triggers/orderDelete-0 --> orderDelete-0"}}
[debug] [2021-04-12T09:12:52.120Z] [worker-pool] addWorker(orderDelete) {"metadata":{"emulator":{"name":"functions"},"message":"[worker-pool] addWorker(orderDelete)"}}
[debug] [2021-04-12T09:12:52.120Z] [worker-pool] Adding worker with key orderDelete, total=1 {"metadata":{"emulator":{"name":"functions"},"message":"[worker-pool] Adding worker with key orderDelete, total=1"}}
[debug] [2021-04-12T09:12:52.120Z] [worker-pool] submitWork(triggerId=orderDelete) {"metadata":{"emulator":{"name":"functions"},"message":"[worker-pool] submitWork(triggerId=orderDelete)"}}
[debug] [2021-04-12T09:12:52.120Z] [worker-orderDelete-7ccc4419-b4ae-4df2-967f-b8ff9579eab2]: Assigning socketPath: \\?\pipe\E:\MUTAHHIR UNI\W E B I C A M P\MODULE 3\react project\Buyfy\code\functions\6212 {"metadata":{"emulator":{"name":"functions"},"message":"[worker-orderDelete-7ccc4419-b4ae-4df2-967f-b8ff9579eab2]: Assigning socketPath: \\\\?\\pipe\\E:\\MUTAHHIR UNI\\W E B I C A M P\\MODULE 3\\react project\\Buyfy\\code\\functions\\6212"}}
[debug] [2021-04-12T09:12:52.120Z] [worker-orderDelete-7ccc4419-b4ae-4df2-967f-b8ff9579eab2]: BUSY {"metadata":{"emulator":{"name":"functions"},"message":"[worker-orderDelete-7ccc4419-b4ae-4df2-967f-b8ff9579eab2]: BUSY"}}
[debug] [2021-04-12T09:12:52.418Z] [runtime-status] [6212] Functions runtime initialized. {"cwd":"E:\\MUTAHHIR UNI\\W E B I C A M P\\MODULE 3\\react project\\Buyfy\\code\\functions","node_version":"12.0.0"} {"metadata":{"emulator":{"name":"functions"},"function":{"name":"orderDelete"},"message":"[runtime-status] [6212] Functions runtime initialized. {\"cwd\":\"E:\\\\MUTAHHIR UNI\\\\W E B I C A M P\\\\MODULE 3\\\\react project\\\\Buyfy\\\\code\\\\functions\",\"node_version\":\"12.0.0\"}"}}
[debug] [2021-04-12T09:12:52.420Z] [runtime-status] [6212] Disabled runtime features: undefined {"metadata":{"emulator":{"name":"functions"},"function":{"name":"orderDelete"},"message":"[runtime-status] [6212] Disabled runtime features: undefined"}}
[debug] [2021-04-12T09:12:52.424Z] [runtime-status] [6212] Resolved module firebase-admin {"declared":true,"installed":true,"version":"9.6.0","resolution":"E:\\MUTAHHIR UNI\\W E B I C A M P\\MODULE 3\\react project\\Buyfy\\code\\functions\\node_modules\\firebase-admin\\lib\\index.js"} {"metadata":{"emulator":{"name":"functions"},"function":{"name":"orderDelete"},"message":"[runtime-status] [6212] Resolved module firebase-admin {\"declared\":true,\"installed\":true,\"version\":\"9.6.0\",\"resolution\":\"E:\\\\MUTAHHIR UNI\\\\W E B I C A M P\\\\MODULE 3\\\\react project\\\\Buyfy\\\\code\\\\functions\\\\node_modules\\\\firebase-admin\\\\lib\\\\index.js\"}"}}
[debug] [2021-04-12T09:12:52.426Z] [runtime-status] [6212] Resolved module firebase-functions {"declared":true,"installed":true,"version":"3.13.2","resolution":"E:\\MUTAHHIR UNI\\W E B I C A M P\\MODULE 3\\react project\\Buyfy\\code\\functions\\node_modules\\firebase-functions\\lib\\index.js"} {"metadata":{"emulator":{"name":"functions"},"function":{"name":"orderDelete"},"message":"[runtime-status] [6212] Resolved module firebase-functions {\"declared\":true,\"installed\":true,\"version\":\"3.13.2\",\"resolution\":\"E:\\\\MUTAHHIR UNI\\\\W E B I C A M P\\\\MODULE 3\\\\react project\\\\Buyfy\\\\code\\\\functions\\\\node_modules\\\\firebase-functions\\\\lib\\\\index.js\"}"}}
[debug] [2021-04-12T09:12:52.427Z] [runtime-status] [6212] Resolved module firebase-functions {"declared":true,"installed":true,"version":"3.13.2","resolution":"E:\\MUTAHHIR UNI\\W E B I C A M P\\MODULE 3\\react project\\Buyfy\\code\\functions\\node_modules\\firebase-functions\\lib\\index.js"} {"metadata":{"emulator":{"name":"functions"},"function":{"name":"orderDelete"},"message":"[runtime-status] [6212] Resolved module firebase-functions {\"declared\":true,\"installed\":true,\"version\":\"3.13.2\",\"resolution\":\"E:\\\\MUTAHHIR UNI\\\\W E B I C A M P\\\\MODULE 3\\\\react project\\\\Buyfy\\\\code\\\\functions\\\\node_modules\\\\firebase-functions\\\\lib\\\\index.js\"}"}}
[debug] [2021-04-12T09:12:52.430Z] [runtime-status] [6212] Outgoing network have been stubbed. [{"name":"http","status":"mocked"},{"name":"http","status":"mocked"},{"name":"https","status":"mocked"},{"name":"https","status":"mocked"},{"name":"net","status":"mocked"}] {"metadata":{"emulator":{"name":"functions"},"function":{"name":"orderDelete"},"message":"[runtime-status] [6212] Outgoing network have been stubbed. [{\"name\":\"http\",\"status\":\"mocked\"},{\"name\":\"http\",\"status\":\"mocked\"},{\"name\":\"https\",\"status\":\"mocked\"},{\"name\":\"https\",\"status\":\"mocked\"},{\"name\":\"net\",\"status\":\"mocked\"}]"}}
[debug] [2021-04-12T09:12:52.430Z] [runtime-status] [6212] Resolved module firebase-functions {"declared":true,"installed":true,"version":"3.13.2","resolution":"E:\\MUTAHHIR UNI\\W E B I C A M P\\MODULE 3\\react project\\Buyfy\\code\\functions\\node_modules\\firebase-functions\\lib\\index.js"} {"metadata":{"emulator":{"name":"functions"},"function":{"name":"orderDelete"},"message":"[runtime-status] [6212] Resolved module firebase-functions {\"declared\":true,\"installed\":true,\"version\":\"3.13.2\",\"resolution\":\"E:\\\\MUTAHHIR UNI\\\\W E B I C A M P\\\\MODULE 3\\\\react project\\\\Buyfy\\\\code\\\\functions\\\\node_modules\\\\firebase-functions\\\\lib\\\\index.js\"}"}}
[debug] [2021-04-12T09:12:52.494Z] [runtime-status] [6212] Checked functions.config() {"config":{}} {"metadata":{"emulator":{"name":"functions"},"function":{"name":"orderDelete"},"message":"[runtime-status] [6212] Checked functions.config() {\"config\":{}}"}}
[debug] [2021-04-12T09:12:52.495Z] [runtime-status] [6212] firebase-functions has been stubbed. {"functionsResolution":{"declared":true,"installed":true,"version":"3.13.2","resolution":"E:\\MUTAHHIR UNI\\W E B I C A M P\\MODULE 3\\react project\\Buyfy\\code\\functions\\node_modules\\firebase-functions\\lib\\index.js"}} {"metadata":{"emulator":{"name":"functions"},"function":{"name":"orderDelete"},"message":"[runtime-status] [6212] firebase-functions has been stubbed. {\"functionsResolution\":{\"declared\":true,\"installed\":true,\"version\":\"3.13.2\",\"resolution\":\"E:\\\\MUTAHHIR UNI\\\\W E B I C A M P\\\\MODULE 3\\\\react project\\\\Buyfy\\\\code\\\\functions\\\\node_modules\\\\firebase-functions\\\\lib\\\\index.js\"}}"}}
[debug] [2021-04-12T09:12:52.496Z] [runtime-status] [6212] Resolved module firebase-functions {"declared":true,"installed":true,"version":"3.13.2","resolution":"E:\\MUTAHHIR UNI\\W E B I C A M P\\MODULE 3\\react project\\Buyfy\\code\\functions\\node_modules\\firebase-functions\\lib\\index.js"} {"metadata":{"emulator":{"name":"functions"},"function":{"name":"orderDelete"},"message":"[runtime-status] [6212] Resolved module firebase-functions {\"declared\":true,\"installed\":true,\"version\":\"3.13.2\",\"resolution\":\"E:\\\\MUTAHHIR UNI\\\\W E B I C A M P\\\\MODULE 3\\\\react project\\\\Buyfy\\\\code\\\\functions\\\\node_modules\\\\firebase-functions\\\\lib\\\\index.js\"}"}}
[debug] [2021-04-12T09:12:52.497Z] [runtime-status] [6212] Resolved module firebase-admin {"declared":true,"installed":true,"version":"9.6.0","resolution":"E:\\MUTAHHIR UNI\\W E B I C A M P\\MODULE 3\\react project\\Buyfy\\code\\functions\\node_modules\\firebase-admin\\lib\\index.js"} {"metadata":{"emulator":{"name":"functions"},"function":{"name":"orderDelete"},"message":"[runtime-status] [6212] Resolved module firebase-admin {\"declared\":true,\"installed\":true,\"version\":\"9.6.0\",\"resolution\":\"E:\\\\MUTAHHIR UNI\\\\W E B I C A M P\\\\MODULE 3\\\\react project\\\\Buyfy\\\\code\\\\functions\\\\node_modules\\\\firebase-admin\\\\lib\\\\index.js\"}"}}
[debug] [2021-04-12T09:12:52.498Z] [runtime-status] [6212] Resolved module firebase-functions {"declared":true,"installed":true,"version":"3.13.2","resolution":"E:\\MUTAHHIR UNI\\W E B I C A M P\\MODULE 3\\react project\\Buyfy\\code\\functions\\node_modules\\firebase-functions\\lib\\index.js"} {"metadata":{"emulator":{"name":"functions"},"function":{"name":"orderDelete"},"message":"[runtime-status] [6212] Resolved module firebase-functions {\"declared\":true,\"installed\":true,\"version\":\"3.13.2\",\"resolution\":\"E:\\\\MUTAHHIR UNI\\\\W E B I C A M P\\\\MODULE 3\\\\react project\\\\Buyfy\\\\code\\\\functions\\\\node_modules\\\\firebase-functions\\\\lib\\\\index.js\"}"}}
[debug] [2021-04-12T09:12:52.498Z] [runtime-status] [6212] firebase-admin has been stubbed. {"adminResolution":{"declared":true,"installed":true,"version":"9.6.0","resolution":"E:\\MUTAHHIR UNI\\W E B I C A M P\\MODULE 3\\react project\\Buyfy\\code\\functions\\node_modules\\firebase-admin\\lib\\index.js"}} {"metadata":{"emulator":{"name":"functions"},"function":{"name":"orderDelete"},"message":"[runtime-status] [6212] firebase-admin has been stubbed. {\"adminResolution\":{\"declared\":true,\"installed\":true,\"version\":\"9.6.0\",\"resolution\":\"E:\\\\MUTAHHIR UNI\\\\W E B I C A M P\\\\MODULE 3\\\\react project\\\\Buyfy\\\\code\\\\functions\\\\node_modules\\\\firebase-admin\\\\lib\\\\index.js\"}}"}}
[debug] [2021-04-12T09:12:52.503Z] [runtime-status] [6212] Trigger "orderDelete" has been found, beginning invocation! {"metadata":{"emulator":{"name":"functions"},"function":{"name":"orderDelete"},"message":"[runtime-status] [6212] Trigger \"orderDelete\" has been found, beginning invocation!"}}
[info] i  functions: Beginning execution of "orderDelete" {"metadata":{"emulator":{"name":"functions"},"function":{"name":"orderDelete"},"message":"Beginning execution of \"orderDelete\""}}
[debug] [2021-04-12T09:12:52.506Z] [runtime-status] [6212] triggerDefinition {"eventTrigger":{"resource":"projects/mutahhirbuyfy/databases/(default)/documents/orders/{docId}","eventType":"providers/cloud.firestore/eventTypes/document.delete","service":"firestore.googleapis.com"},"name":"orderDelete","entryPoint":"orderDelete"} {"metadata":{"emulator":{"name":"functions"},"function":{"name":"orderDelete"},"message":"[runtime-status] [6212] triggerDefinition {\"eventTrigger\":{\"resource\":\"projects/mutahhirbuyfy/databases/(default)/documents/orders/{docId}\",\"eventType\":\"providers/cloud.firestore/eventTypes/document.delete\",\"service\":\"firestore.googleapis.com\"},\"name\":\"orderDelete\",\"entryPoint\":\"orderDelete\"}"}}
[debug] [2021-04-12T09:12:52.507Z] [runtime-status] [6212] Running orderDelete in mode BACKGROUND {"metadata":{"emulator":{"name":"functions"},"function":{"name":"orderDelete"},"message":"[runtime-status] [6212] Running orderDelete in mode BACKGROUND"}}
[debug] [2021-04-12T09:12:52.508Z] [runtime-status] [6212] ProcessBackground {"data":{"oldValue":{"name":"projects/mutahhirbuyfy/databases/(default)/documents/orders/9lf2ggMdZ2pubMlSK71Z","fields":{"orderedBy":{"stringValue":"user1"},"cost":{"integerValue":"100"}},"createTime":"2021-04-12T09:12:23.999Z","updateTime":"2021-04-12T09:12:35.022006Z"},"updateMask":{}},"context":{"eventId":"96c32ea9-8e5d-485f-872b-35667184af97","timestamp":"2021-04-12T09:12:52.089Z","eventType":"providers/cloud.firestore/eventTypes/document.delete","resource":{"name":"projects/mutahhirbuyfy/databases/(default)/documents/orders/9lf2ggMdZ2pubMlSK71Z","service":"firestore.googleapis.com"}}} {"metadata":{"emulator":{"name":"functions"},"function":{"name":"orderDelete"},"message":"[runtime-status] [6212] ProcessBackground {\"data\":{\"oldValue\":{\"name\":\"projects/mutahhirbuyfy/databases/(default)/documents/orders/9lf2ggMdZ2pubMlSK71Z\",\"fields\":{\"orderedBy\":{\"stringValue\":\"user1\"},\"cost\":{\"integerValue\":\"100\"}},\"createTime\":\"2021-04-12T09:12:23.999Z\",\"updateTime\":\"2021-04-12T09:12:35.022006Z\"},\"updateMask\":{}},\"context\":{\"eventId\":\"96c32ea9-8e5d-485f-872b-35667184af97\",\"timestamp\":\"2021-04-12T09:12:52.089Z\",\"eventType\":\"providers/cloud.firestore/eventTypes/document.delete\",\"resource\":{\"name\":\"projects/mutahhirbuyfy/databases/(default)/documents/orders/9lf2ggMdZ2pubMlSK71Z\",\"service\":\"firestore.googleapis.com\"}}}"}}
[debug] [2021-04-12T09:12:52.508Z] [runtime-status] [6212] ProcessBackground: lifting resource.name from resource {"name":"projects/mutahhirbuyfy/databases/(default)/documents/orders/9lf2ggMdZ2pubMlSK71Z","service":"firestore.googleapis.com"} {"metadata":{"emulator":{"name":"functions"},"function":{"name":"orderDelete"},"message":"[runtime-status] [6212] ProcessBackground: lifting resource.name from resource {\"name\":\"projects/mutahhirbuyfy/databases/(default)/documents/orders/9lf2ggMdZ2pubMlSK71Z\",\"service\":\"firestore.googleapis.com\"}"}}
[debug] [2021-04-12T09:12:52.509Z] [runtime-status] [6212] RunBackground {"data":{"oldValue":{"name":"projects/mutahhirbuyfy/databases/(default)/documents/orders/9lf2ggMdZ2pubMlSK71Z","fields":{"orderedBy":{"stringValue":"user1"},"cost":{"integerValue":"100"}},"createTime":"2021-04-12T09:12:23.999Z","updateTime":"2021-04-12T09:12:35.022006Z"},"updateMask":{}},"context":{"eventId":"96c32ea9-8e5d-485f-872b-35667184af97","timestamp":"2021-04-12T09:12:52.089Z","eventType":"providers/cloud.firestore/eventTypes/document.delete","resource":"projects/mutahhirbuyfy/databases/(default)/documents/orders/9lf2ggMdZ2pubMlSK71Z"}} {"metadata":{"emulator":{"name":"functions"},"function":{"name":"orderDelete"},"message":"[runtime-status] [6212] RunBackground {\"data\":{\"oldValue\":{\"name\":\"projects/mutahhirbuyfy/databases/(default)/documents/orders/9lf2ggMdZ2pubMlSK71Z\",\"fields\":{\"orderedBy\":{\"stringValue\":\"user1\"},\"cost\":{\"integerValue\":\"100\"}},\"createTime\":\"2021-04-12T09:12:23.999Z\",\"updateTime\":\"2021-04-12T09:12:35.022006Z\"},\"updateMask\":{}},\"context\":{\"eventId\":\"96c32ea9-8e5d-485f-872b-35667184af97\",\"timestamp\":\"2021-04-12T09:12:52.089Z\",\"eventType\":\"providers/cloud.firestore/eventTypes/document.delete\",\"resource\":\"projects/mutahhirbuyfy/databases/(default)/documents/orders/9lf2ggMdZ2pubMlSK71Z\"}}"}}
[info] >  deleting order.......... {"user":"deleting order..........","metadata":{"emulator":{"name":"functions"},"function":{"name":"orderDelete"},"message":"\u001b[90m> \u001b[39m deleting order.........."}}
[debug] [2021-04-12T09:12:52.866Z] [runtime-status] [6212] Ephemeral server survived. {"metadata":{"emulator":{"name":"functions"},"function":{"name":"orderDelete"},"message":"[runtime-status] [6212] Ephemeral server survived."}}
[info] >  deleted order: [object Object] {"user":"deleted order: [object Object]","metadata":{"emulator":{"name":"functions"},"function":{"name":"orderDelete"},"message":"\u001b[90m> \u001b[39m deleted order: [object Object]"}}
[info] >  deleted docID: 9lf2ggMdZ2pubMlSK71Z {"user":"deleted docID: 9lf2ggMdZ2pubMlSK71Z","metadata":{"emulator":{"name":"functions"},"function":{"name":"orderDelete"},"message":"\u001b[90m> \u001b[39m deleted docID: 9lf2ggMdZ2pubMlSK71Z"}}
[info] i  functions: Finished "orderDelete" in ~1s {"metadata":{"emulator":{"name":"functions"},"function":{"name":"orderDelete"},"message":"Finished \"orderDelete\" in ~1s"}}
[debug] [2021-04-12T09:12:52.871Z] [worker-orderDelete-7ccc4419-b4ae-4df2-967f-b8ff9579eab2]: IDLE {"metadata":{"emulator":{"name":"functions"},"message":"[worker-orderDelete-7ccc4419-b4ae-4df2-967f-b8ff9579eab2]: IDLE"}}
[debug] [2021-04-12T09:12:52.874Z] [work-queue] {"queueLength":0,"workRunningCount":0}
[debug] [2021-04-12T09:13:22.465Z] Apr 12, 2021 2:13:22 PM io.gapi.emulators.netty.HttpVersionRoutingHandler channelRead
INFO: Detected non-HTTP/2 connection.
 {"metadata":{"emulator":{"name":"firestore"},"message":"Apr 12, 2021 2:13:22 PM io.gapi.emulators.netty.HttpVersionRoutingHandler channelRead\r\nINFO: Detected non-HTTP/2 connection.\r\n"}}
[debug] [2021-04-12T09:13:22.467Z] Apr 12, 2021 2:13:22 PM io.gapi.emulators.netty.HttpVersionRoutingHandler channelRead
INFO: Detected non-HTTP/2 connection.
 {"metadata":{"emulator":{"name":"firestore"},"message":"Apr 12, 2021 2:13:22 PM io.gapi.emulators.netty.HttpVersionRoutingHandler channelRead\r\nINFO: Detected non-HTTP/2 connection.\r\n"}}
[debug] [2021-04-12T09:13:34.774Z] File E:\MUTAHHIR UNI\W E B I C A M P\MODULE 3\react project\Buyfy\code\functions\index.js changed, reloading triggers {"metadata":{"emulator":{"name":"functions"},"message":"File E:\\MUTAHHIR UNI\\W E B I C A M P\\MODULE 3\\react project\\Buyfy\\code\\functions\\index.js changed, reloading triggers"}}
[debug] [2021-04-12T09:13:35.790Z] [worker-pool] Shutting down IDLE worker (~diagnostic~) {"metadata":{"emulator":{"name":"functions"},"message":"[worker-pool] Shutting down IDLE worker (~diagnostic~)"}}
[debug] [2021-04-12T09:13:35.790Z] [worker-~diagnostic~-8d0c7249-32a5-47d4-96a9-a5775f4f451c]: FINISHING {"metadata":{"emulator":{"name":"functions"},"message":"[worker-~diagnostic~-8d0c7249-32a5-47d4-96a9-a5775f4f451c]: FINISHING"}}
[debug] [2021-04-12T09:13:35.791Z] [worker-pool] Shutting down IDLE worker (orderAdded) {"metadata":{"emulator":{"name":"functions"},"message":"[worker-pool] Shutting down IDLE worker (orderAdded)"}}
[debug] [2021-04-12T09:13:35.792Z] [worker-orderAdded-e0a73e47-9d78-408d-bb12-872e9e67bcda]: FINISHING {"metadata":{"emulator":{"name":"functions"},"message":"[worker-orderAdded-e0a73e47-9d78-408d-bb12-872e9e67bcda]: FINISHING"}}
[debug] [2021-04-12T09:13:35.792Z] [worker-pool] Shutting down IDLE worker (orderUpdate) {"metadata":{"emulator":{"name":"functions"},"message":"[worker-pool] Shutting down IDLE worker (orderUpdate)"}}
[debug] [2021-04-12T09:13:35.793Z] [worker-orderUpdate-ea60b8fe-d722-4ec9-aa13-3fd75e5be463]: FINISHING {"metadata":{"emulator":{"name":"functions"},"message":"[worker-orderUpdate-ea60b8fe-d722-4ec9-aa13-3fd75e5be463]: FINISHING"}}
[debug] [2021-04-12T09:13:35.794Z] [worker-pool] Shutting down IDLE worker (orderDelete) {"metadata":{"emulator":{"name":"functions"},"message":"[worker-pool] Shutting down IDLE worker (orderDelete)"}}
[debug] [2021-04-12T09:13:35.795Z] [worker-orderDelete-7ccc4419-b4ae-4df2-967f-b8ff9579eab2]: FINISHING {"metadata":{"emulator":{"name":"functions"},"message":"[worker-orderDelete-7ccc4419-b4ae-4df2-967f-b8ff9579eab2]: FINISHING"}}
[debug] [2021-04-12T09:13:35.824Z] [worker-pool] addWorker(~diagnostic~) {"metadata":{"emulator":{"name":"functions"},"message":"[worker-pool] addWorker(~diagnostic~)"}}
[debug] [2021-04-12T09:13:35.826Z] [worker-pool] Adding worker with key ~diagnostic~, total=2 {"metadata":{"emulator":{"name":"functions"},"message":"[worker-pool] Adding worker with key ~diagnostic~, total=2"}}
[debug] [2021-04-12T09:13:35.827Z] [worker-pool] submitWork(triggerId=) {"metadata":{"emulator":{"name":"functions"},"message":"[worker-pool] submitWork(triggerId=)"}}
[debug] [2021-04-12T09:13:35.828Z] [worker-~diagnostic~-d1d96e72-8e07-44bd-9c5b-800b15074cff]: Assigning socketPath: \\?\pipe\E:\MUTAHHIR UNI\W E B I C A M P\MODULE 3\react project\Buyfy\code\functions\6168 {"metadata":{"emulator":{"name":"functions"},"message":"[worker-~diagnostic~-d1d96e72-8e07-44bd-9c5b-800b15074cff]: Assigning socketPath: \\\\?\\pipe\\E:\\MUTAHHIR UNI\\W E B I C A M P\\MODULE 3\\react project\\Buyfy\\code\\functions\\6168"}}
[debug] [2021-04-12T09:13:35.829Z] [worker-~diagnostic~-d1d96e72-8e07-44bd-9c5b-800b15074cff]: BUSY {"metadata":{"emulator":{"name":"functions"},"message":"[worker-~diagnostic~-d1d96e72-8e07-44bd-9c5b-800b15074cff]: BUSY"}}
[debug] [2021-04-12T09:13:35.835Z] [worker-orderAdded-e0a73e47-9d78-408d-bb12-872e9e67bcda]: exited {"metadata":{"emulator":{"name":"functions"},"message":"[worker-orderAdded-e0a73e47-9d78-408d-bb12-872e9e67bcda]: exited"}}
[debug] [2021-04-12T09:13:35.836Z] [worker-orderAdded-e0a73e47-9d78-408d-bb12-872e9e67bcda]: FINISHED {"metadata":{"emulator":{"name":"functions"},"message":"[worker-orderAdded-e0a73e47-9d78-408d-bb12-872e9e67bcda]: FINISHED"}}
[debug] [2021-04-12T09:13:35.837Z] [worker-~diagnostic~-8d0c7249-32a5-47d4-96a9-a5775f4f451c]: exited {"metadata":{"emulator":{"name":"functions"},"message":"[worker-~diagnostic~-8d0c7249-32a5-47d4-96a9-a5775f4f451c]: exited"}}
[debug] [2021-04-12T09:13:35.837Z] [worker-~diagnostic~-8d0c7249-32a5-47d4-96a9-a5775f4f451c]: FINISHED {"metadata":{"emulator":{"name":"functions"},"message":"[worker-~diagnostic~-8d0c7249-32a5-47d4-96a9-a5775f4f451c]: FINISHED"}}
[debug] [2021-04-12T09:13:35.839Z] [worker-orderUpdate-ea60b8fe-d722-4ec9-aa13-3fd75e5be463]: exited {"metadata":{"emulator":{"name":"functions"},"message":"[worker-orderUpdate-ea60b8fe-d722-4ec9-aa13-3fd75e5be463]: exited"}}
[debug] [2021-04-12T09:13:35.840Z] [worker-orderUpdate-ea60b8fe-d722-4ec9-aa13-3fd75e5be463]: FINISHED {"metadata":{"emulator":{"name":"functions"},"message":"[worker-orderUpdate-ea60b8fe-d722-4ec9-aa13-3fd75e5be463]: FINISHED"}}
[debug] [2021-04-12T09:13:35.844Z] [worker-orderDelete-7ccc4419-b4ae-4df2-967f-b8ff9579eab2]: exited {"metadata":{"emulator":{"name":"functions"},"message":"[worker-orderDelete-7ccc4419-b4ae-4df2-967f-b8ff9579eab2]: exited"}}
[debug] [2021-04-12T09:13:35.844Z] [worker-orderDelete-7ccc4419-b4ae-4df2-967f-b8ff9579eab2]: FINISHED {"metadata":{"emulator":{"name":"functions"},"message":"[worker-orderDelete-7ccc4419-b4ae-4df2-967f-b8ff9579eab2]: FINISHED"}}
[debug] [2021-04-12T09:13:36.298Z] [runtime-status] [6168] Functions runtime initialized. {"cwd":"E:\\MUTAHHIR UNI\\W E B I C A M P\\MODULE 3\\react project\\Buyfy\\code\\functions","node_version":"12.0.0"} {"metadata":{"emulator":{"name":"functions"},"message":"[runtime-status] [6168] Functions runtime initialized. {\"cwd\":\"E:\\\\MUTAHHIR UNI\\\\W E B I C A M P\\\\MODULE 3\\\\react project\\\\Buyfy\\\\code\\\\functions\",\"node_version\":\"12.0.0\"}"}}
[debug] [2021-04-12T09:13:36.305Z] [runtime-status] [6168] Disabled runtime features: undefined {"metadata":{"emulator":{"name":"functions"},"message":"[runtime-status] [6168] Disabled runtime features: undefined"}}
[debug] [2021-04-12T09:13:36.312Z] [runtime-status] [6168] Resolved module firebase-admin {"declared":true,"installed":true,"version":"9.6.0","resolution":"E:\\MUTAHHIR UNI\\W E B I C A M P\\MODULE 3\\react project\\Buyfy\\code\\functions\\node_modules\\firebase-admin\\lib\\index.js"} {"metadata":{"emulator":{"name":"functions"},"message":"[runtime-status] [6168] Resolved module firebase-admin {\"declared\":true,\"installed\":true,\"version\":\"9.6.0\",\"resolution\":\"E:\\\\MUTAHHIR UNI\\\\W E B I C A M P\\\\MODULE 3\\\\react project\\\\Buyfy\\\\code\\\\functions\\\\node_modules\\\\firebase-admin\\\\lib\\\\index.js\"}"}}
[debug] [2021-04-12T09:13:36.316Z] [runtime-status] [6168] Resolved module firebase-functions {"declared":true,"installed":true,"version":"3.13.2","resolution":"E:\\MUTAHHIR UNI\\W E B I C A M P\\MODULE 3\\react project\\Buyfy\\code\\functions\\node_modules\\firebase-functions\\lib\\index.js"} {"metadata":{"emulator":{"name":"functions"},"message":"[runtime-status] [6168] Resolved module firebase-functions {\"declared\":true,\"installed\":true,\"version\":\"3.13.2\",\"resolution\":\"E:\\\\MUTAHHIR UNI\\\\W E B I C A M P\\\\MODULE 3\\\\react project\\\\Buyfy\\\\code\\\\functions\\\\node_modules\\\\firebase-functions\\\\lib\\\\index.js\"}"}}
[debug] [2021-04-12T09:13:36.320Z] [runtime-status] [6168] Resolved module firebase-functions {"declared":true,"installed":true,"version":"3.13.2","resolution":"E:\\MUTAHHIR UNI\\W E B I C A M P\\MODULE 3\\react project\\Buyfy\\code\\functions\\node_modules\\firebase-functions\\lib\\index.js"} {"metadata":{"emulator":{"name":"functions"},"message":"[runtime-status] [6168] Resolved module firebase-functions {\"declared\":true,\"installed\":true,\"version\":\"3.13.2\",\"resolution\":\"E:\\\\MUTAHHIR UNI\\\\W E B I C A M P\\\\MODULE 3\\\\react project\\\\Buyfy\\\\code\\\\functions\\\\node_modules\\\\firebase-functions\\\\lib\\\\index.js\"}"}}
[debug] [2021-04-12T09:13:36.323Z] [runtime-status] [6168] Outgoing network have been stubbed. [{"name":"http","status":"mocked"},{"name":"http","status":"mocked"},{"name":"https","status":"mocked"},{"name":"https","status":"mocked"},{"name":"net","status":"mocked"}] {"metadata":{"emulator":{"name":"functions"},"message":"[runtime-status] [6168] Outgoing network have been stubbed. [{\"name\":\"http\",\"status\":\"mocked\"},{\"name\":\"http\",\"status\":\"mocked\"},{\"name\":\"https\",\"status\":\"mocked\"},{\"name\":\"https\",\"status\":\"mocked\"},{\"name\":\"net\",\"status\":\"mocked\"}]"}}
[debug] [2021-04-12T09:13:36.324Z] [runtime-status] [6168] Resolved module firebase-functions {"declared":true,"installed":true,"version":"3.13.2","resolution":"E:\\MUTAHHIR UNI\\W E B I C A M P\\MODULE 3\\react project\\Buyfy\\code\\functions\\node_modules\\firebase-functions\\lib\\index.js"} {"metadata":{"emulator":{"name":"functions"},"message":"[runtime-status] [6168] Resolved module firebase-functions {\"declared\":true,\"installed\":true,\"version\":\"3.13.2\",\"resolution\":\"E:\\\\MUTAHHIR UNI\\\\W E B I C A M P\\\\MODULE 3\\\\react project\\\\Buyfy\\\\code\\\\functions\\\\node_modules\\\\firebase-functions\\\\lib\\\\index.js\"}"}}
[debug] [2021-04-12T09:13:36.391Z] [runtime-status] [6168] Checked functions.config() {"config":{}} {"metadata":{"emulator":{"name":"functions"},"message":"[runtime-status] [6168] Checked functions.config() {\"config\":{}}"}}
[debug] [2021-04-12T09:13:36.391Z] [runtime-status] [6168] firebase-functions has been stubbed. {"functionsResolution":{"declared":true,"installed":true,"version":"3.13.2","resolution":"E:\\MUTAHHIR UNI\\W E B I C A M P\\MODULE 3\\react project\\Buyfy\\code\\functions\\node_modules\\firebase-functions\\lib\\index.js"}} {"metadata":{"emulator":{"name":"functions"},"message":"[runtime-status] [6168] firebase-functions has been stubbed. {\"functionsResolution\":{\"declared\":true,\"installed\":true,\"version\":\"3.13.2\",\"resolution\":\"E:\\\\MUTAHHIR UNI\\\\W E B I C A M P\\\\MODULE 3\\\\react project\\\\Buyfy\\\\code\\\\functions\\\\node_modules\\\\firebase-functions\\\\lib\\\\index.js\"}}"}}
[debug] [2021-04-12T09:13:36.392Z] [runtime-status] [6168] Resolved module firebase-functions {"declared":true,"installed":true,"version":"3.13.2","resolution":"E:\\MUTAHHIR UNI\\W E B I C A M P\\MODULE 3\\react project\\Buyfy\\code\\functions\\node_modules\\firebase-functions\\lib\\index.js"} {"metadata":{"emulator":{"name":"functions"},"message":"[runtime-status] [6168] Resolved module firebase-functions {\"declared\":true,\"installed\":true,\"version\":\"3.13.2\",\"resolution\":\"E:\\\\MUTAHHIR UNI\\\\W E B I C A M P\\\\MODULE 3\\\\react project\\\\Buyfy\\\\code\\\\functions\\\\node_modules\\\\firebase-functions\\\\lib\\\\index.js\"}"}}
[debug] [2021-04-12T09:13:36.393Z] [runtime-status] [6168] Resolved module firebase-admin {"declared":true,"installed":true,"version":"9.6.0","resolution":"E:\\MUTAHHIR UNI\\W E B I C A M P\\MODULE 3\\react project\\Buyfy\\code\\functions\\node_modules\\firebase-admin\\lib\\index.js"} {"metadata":{"emulator":{"name":"functions"},"message":"[runtime-status] [6168] Resolved module firebase-admin {\"declared\":true,\"installed\":true,\"version\":\"9.6.0\",\"resolution\":\"E:\\\\MUTAHHIR UNI\\\\W E B I C A M P\\\\MODULE 3\\\\react project\\\\Buyfy\\\\code\\\\functions\\\\node_modules\\\\firebase-admin\\\\lib\\\\index.js\"}"}}
[debug] [2021-04-12T09:13:36.394Z] [runtime-status] [6168] Resolved module firebase-functions {"declared":true,"installed":true,"version":"3.13.2","resolution":"E:\\MUTAHHIR UNI\\W E B I C A M P\\MODULE 3\\react project\\Buyfy\\code\\functions\\node_modules\\firebase-functions\\lib\\index.js"} {"metadata":{"emulator":{"name":"functions"},"message":"[runtime-status] [6168] Resolved module firebase-functions {\"declared\":true,\"installed\":true,\"version\":\"3.13.2\",\"resolution\":\"E:\\\\MUTAHHIR UNI\\\\W E B I C A M P\\\\MODULE 3\\\\react project\\\\Buyfy\\\\code\\\\functions\\\\node_modules\\\\firebase-functions\\\\lib\\\\index.js\"}"}}
[debug] [2021-04-12T09:13:36.394Z] [runtime-status] [6168] firebase-admin has been stubbed. {"adminResolution":{"declared":true,"installed":true,"version":"9.6.0","resolution":"E:\\MUTAHHIR UNI\\W E B I C A M P\\MODULE 3\\react project\\Buyfy\\code\\functions\\node_modules\\firebase-admin\\lib\\index.js"}} {"metadata":{"emulator":{"name":"functions"},"message":"[runtime-status] [6168] firebase-admin has been stubbed. {\"adminResolution\":{\"declared\":true,\"installed\":true,\"version\":\"9.6.0\",\"resolution\":\"E:\\\\MUTAHHIR UNI\\\\W E B I C A M P\\\\MODULE 3\\\\react project\\\\Buyfy\\\\code\\\\functions\\\\node_modules\\\\firebase-admin\\\\lib\\\\index.js\"}}"}}
[debug] [2021-04-12T09:13:36.404Z] [worker-~diagnostic~-d1d96e72-8e07-44bd-9c5b-800b15074cff]: IDLE {"metadata":{"emulator":{"name":"functions"},"message":"[worker-~diagnostic~-d1d96e72-8e07-44bd-9c5b-800b15074cff]: IDLE"}}
[debug] [2021-04-12T09:13:52.190Z] Apr 12, 2021 2:13:52 PM io.gapi.emulators.netty.HttpVersionRoutingHandler channelRead
INFO: Detected non-HTTP/2 connection.
 {"metadata":{"emulator":{"name":"firestore"},"message":"Apr 12, 2021 2:13:52 PM io.gapi.emulators.netty.HttpVersionRoutingHandler channelRead\r\nINFO: Detected non-HTTP/2 connection.\r\n"}}
[debug] [2021-04-12T09:13:52.202Z] Apr 12, 2021 2:13:52 PM com.google.cloud.datastore.emulator.firestore.webchannel.FirestoreV1WebChannelAdapter$FirestoreWriteHandler onClose
INFO: channel closed
 {"metadata":{"emulator":{"name":"firestore"},"message":"Apr 12, 2021 2:13:52 PM com.google.cloud.datastore.emulator.firestore.webchannel.FirestoreV1WebChannelAdapter$FirestoreWriteHandler onClose\r\nINFO: channel closed\r\n"}}
[debug] [2021-04-12T09:14:22.840Z] Apr 12, 2021 2:14:22 PM io.gapi.emulators.netty.HttpVersionRoutingHandler channelRead
INFO: Detected non-HTTP/2 connection.
 {"metadata":{"emulator":{"name":"firestore"},"message":"Apr 12, 2021 2:14:22 PM io.gapi.emulators.netty.HttpVersionRoutingHandler channelRead\r\nINFO: Detected non-HTTP/2 connection.\r\n"}}
[debug] [2021-04-12T09:14:47.507Z] File E:\MUTAHHIR UNI\W E B I C A M P\MODULE 3\react project\Buyfy\code\functions\index.js changed, reloading triggers {"metadata":{"emulator":{"name":"functions"},"message":"File E:\\MUTAHHIR UNI\\W E B I C A M P\\MODULE 3\\react project\\Buyfy\\code\\functions\\index.js changed, reloading triggers"}}
